[    0.000000] Initializing cgroup subsys cpuset
[    0.000000] Initializing cgroup subsys cpu
[    0.000000] Initializing cgroup subsys cpuacct
[    0.000000] Linux version 4.4.0-210-generic (buildd@lgw01-amd64-009) (gcc version 5.4.0 20160609 (Ubuntu 5.4.0-6ubuntu1~16.04.12) ) #242-Ubuntu SMP Fri Apr 16 09:57:56 UTC 2021 (Ubuntu 4.4.0-210.242-generic 4.4.262)
[    0.000000] Command line: BOOT_IMAGE=/boot/vmlinuz-4.4.0-210-generic root=LABEL=cloudimg-rootfs ro console=tty1 console=ttyS0
[    0.000000] KERNEL supported cpus:
[    0.000000]   Intel GenuineIntel
[    0.000000]   AMD AuthenticAMD
[    0.000000]   Centaur CentaurHauls
[    0.000000] x86/fpu: xstate_offset[2]:  576, xstate_sizes[2]:  256
[    0.000000] x86/fpu: Supporting XSAVE feature 0x01: 'x87 floating point registers'
[    0.000000] x86/fpu: Supporting XSAVE feature 0x02: 'SSE registers'
[    0.000000] x86/fpu: Supporting XSAVE feature 0x04: 'AVX registers'
[    0.000000] x86/fpu: Enabled xstate features 0x7, context size is 832 bytes, using 'standard' format.
[    0.000000] e820: BIOS-provided physical RAM map:
[    0.000000] BIOS-e820: [mem 0x0000000000000000-0x000000000009fbff] usable
[    0.000000] BIOS-e820: [mem 0x000000000009fc00-0x000000000009ffff] reserved
[    0.000000] BIOS-e820: [mem 0x00000000000f0000-0x00000000000fffff] reserved
[    0.000000] BIOS-e820: [mem 0x0000000000100000-0x000000003ffeffff] usable
[    0.000000] BIOS-e820: [mem 0x000000003fff0000-0x000000003fffffff] ACPI data
[    0.000000] BIOS-e820: [mem 0x00000000fec00000-0x00000000fec00fff] reserved
[    0.000000] BIOS-e820: [mem 0x00000000fee00000-0x00000000fee00fff] reserved
[    0.000000] BIOS-e820: [mem 0x00000000fffc0000-0x00000000ffffffff] reserved
[    0.000000] NX (Execute Disable) protection: active
[    0.000000] SMBIOS 2.5 present.
[    0.000000] Hypervisor detected: KVM
[    0.000000] Kernel/User page tables isolation: disabled
[    0.000000] e820: last_pfn = 0x3fff0 max_arch_pfn = 0x400000000
[    0.000000] MTRR: Disabled
[    0.000000] x86/PAT: MTRRs disabled, skipping PAT initialization too.
[    0.000000] CPU MTRRs all blank - virtualized system.
[    0.000000] x86/PAT: Configuration [0-7]: WB  WT  UC- UC  WB  WT  UC- UC  
[    0.000000] found SMP MP-table at [mem 0x0009fff0-0x0009ffff] mapped at [ffff88000009fff0]
[    0.000000] Scanning 1 areas for low memory corruption
[    0.000000] RAMDISK: [mem 0x362dc000-0x37165fff]
[    0.000000] ACPI: Early table checksum verification disabled
[    0.000000] ACPI: RSDP 0x00000000000E0000 000024 (v02 VBOX  )
[    0.000000] ACPI: XSDT 0x000000003FFF0030 00003C (v01 VBOX   VBOXXSDT 00000001 ASL  00000061)
[    0.000000] ACPI: FACP 0x000000003FFF00F0 0000F4 (v04 VBOX   VBOXFACP 00000001 ASL  00000061)
[    0.000000] ACPI: DSDT 0x000000003FFF0470 002325 (v02 VBOX   VBOXBIOS 00000002 INTL 20100528)
[    0.000000] ACPI: FACS 0x000000003FFF0200 000040
[    0.000000] ACPI: FACS 0x000000003FFF0200 000040
[    0.000000] ACPI: APIC 0x000000003FFF0240 00005C (v02 VBOX   VBOXAPIC 00000001 ASL  00000061)
[    0.000000] ACPI: SSDT 0x000000003FFF02A0 0001CC (v01 VBOX   VBOXCPUT 00000002 INTL 20100528)
[    0.000000] No NUMA configuration found
[    0.000000] Faking a node at [mem 0x0000000000000000-0x000000003ffeffff]
[    0.000000] NODE_DATA(0) allocated [mem 0x3ffeb000-0x3ffeffff]
[    0.000000] kvm-clock: Using msrs 4b564d01 and 4b564d00
[    0.000000] kvm-clock: cpu 0, msr 0:3ffe3001, primary cpu clock
[    0.000000] kvm-clock: using sched offset of 3294327026 cycles
[    0.000000] clocksource: kvm-clock: mask: 0xffffffffffffffff max_cycles: 0x1cd42e4dffb, max_idle_ns: 881590591483 ns
[    0.000000] Zone ranges:
[    0.000000]   DMA      [mem 0x0000000000001000-0x0000000000ffffff]
[    0.000000]   DMA32    [mem 0x0000000001000000-0x000000003ffeffff]
[    0.000000]   Normal   empty
[    0.000000]   Device   empty
[    0.000000] Movable zone start for each node
[    0.000000] Early memory node ranges
[    0.000000]   node   0: [mem 0x0000000000001000-0x000000000009efff]
[    0.000000]   node   0: [mem 0x0000000000100000-0x000000003ffeffff]
[    0.000000] Initmem setup node 0 [mem 0x0000000000001000-0x000000003ffeffff]
[    0.000000] ACPI: PM-Timer IO Port: 0x4008
[    0.000000] IOAPIC[0]: apic_id 2, version 32, address 0xfec00000, GSI 0-23
[    0.000000] ACPI: INT_SRC_OVR (bus 0 bus_irq 0 global_irq 2 dfl dfl)
[    0.000000] ACPI: INT_SRC_OVR (bus 0 bus_irq 9 global_irq 9 low level)
[    0.000000] Using ACPI (MADT) for SMP configuration information
[    0.000000] smpboot: Allowing 2 CPUs, 0 hotplug CPUs
[    0.000000] PM: Registered nosave memory: [mem 0x00000000-0x00000fff]
[    0.000000] PM: Registered nosave memory: [mem 0x0009f000-0x0009ffff]
[    0.000000] PM: Registered nosave memory: [mem 0x000a0000-0x000effff]
[    0.000000] PM: Registered nosave memory: [mem 0x000f0000-0x000fffff]
[    0.000000] e820: [mem 0x40000000-0xfebfffff] available for PCI devices
[    0.000000] Booting paravirtualized kernel on KVM
[    0.000000] clocksource: refined-jiffies: mask: 0xffffffff max_cycles: 0xffffffff, max_idle_ns: 7645519600211568 ns
[    0.000000] setup_percpu: NR_CPUS:512 nr_cpumask_bits:512 nr_cpu_ids:2 nr_node_ids:1
[    0.000000] PERCPU: Embedded 33 pages/cpu @ffff88003fc00000 s95192 r8192 d31784 u1048576
[    0.000000] Built 1 zonelists in Node order, mobility grouping on.  Total pages: 257912
[    0.000000] Policy zone: DMA32
[    0.000000] Kernel command line: BOOT_IMAGE=/boot/vmlinuz-4.4.0-210-generic root=LABEL=cloudimg-rootfs ro console=tty1 console=ttyS0
[    0.000000] PID hash table entries: 4096 (order: 3, 32768 bytes)
[    0.000000] Memory: 997792K/1048120K available (8644K kernel code, 1332K rwdata, 4044K rodata, 1492K init, 1164K bss, 50328K reserved, 0K cma-reserved)
[    0.000000] SLUB: HWalign=64, Order=0-3, MinObjects=0, CPUs=2, Nodes=1
[    0.000000] Hierarchical RCU implementation.
[    0.000000] 	Build-time adjustment of leaf fanout to 64.
[    0.000000] 	RCU restricting CPUs from NR_CPUS=512 to nr_cpu_ids=2.
[    0.000000] RCU: Adjusting geometry for rcu_fanout_leaf=64, nr_cpu_ids=2
[    0.000000] NR_IRQS:33024 nr_irqs:440 16
[    0.000000] Console: colour VGA+ 80x25
[    0.000000] console [tty1] enabled
[    0.000000] console [ttyS0] enabled
[    0.000000] tsc: Detected 1992.000 MHz processor
[    0.114993] Calibrating delay loop (skipped) preset value.. 3984.00 BogoMIPS (lpj=7968000)
[    0.116387] pid_max: default: 32768 minimum: 301
[    0.117147] ACPI: Core revision 20150930
[    0.118493] ACPI: 2 ACPI AML tables successfully acquired and loaded
[    0.119559] Security Framework initialized
[    0.120240] Yama: becoming mindful.
[    0.120866] AppArmor: AppArmor initialized
[    0.121617] Dentry cache hash table entries: 131072 (order: 8, 1048576 bytes)
[    0.122834] Inode-cache hash table entries: 65536 (order: 7, 524288 bytes)
[    0.126063] Mount-cache hash table entries: 2048 (order: 2, 16384 bytes)
[    0.127008] Mountpoint-cache hash table entries: 2048 (order: 2, 16384 bytes)
[    0.128151] Initializing cgroup subsys io
[    0.129049] Initializing cgroup subsys memory
[    0.130035] Initializing cgroup subsys devices
[    0.130969] Initializing cgroup subsys freezer
[    0.132081] Initializing cgroup subsys net_cls
[    0.133003] Initializing cgroup subsys perf_event
[    0.133742] Initializing cgroup subsys net_prio
[    0.134417] Initializing cgroup subsys hugetlb
[    0.135150] Initializing cgroup subsys pids
[    0.145986] mce: CPU supports 0 MCE banks
[    0.146903] Last level iTLB entries: 4KB 64, 2MB 8, 4MB 8
[    0.148228] Last level dTLB entries: 4KB 64, 2MB 0, 4MB 0, 1GB 4
[    0.149468] Spectre V1 : Mitigation: usercopy/swapgs barriers and __user pointer sanitization
[    0.151132] Spectre V2 : Mitigation: Full generic retpoline
[    0.151964] Spectre V2 : Spectre v2 / SpectreRSB mitigation: Filling RSB on context switch
[    0.153274] Speculative Store Bypass: Vulnerable
[    0.153963] SRBDS: Mitigation: TSX disabled
[    0.156827] Freeing SMP alternatives memory: 36K
[    0.162248] ftrace: allocating 32380 entries in 127 pages
[    0.209338] smpboot: APIC(0) Converting physical 0 to logical package 0
[    0.210820] smpboot: Max logical packages: 1
[    0.211894] x2apic enabled
[    0.212660] Switched APIC routing to physical x2apic.
[    0.214488] ..TIMER: vector=0x30 apic1=0 pin1=2 apic2=-1 pin2=-1
[    0.323753] smpboot: CPU0: Intel(R) Core(TM) i7-8565U CPU @ 1.80GHz (family: 0x6, model: 0x8e, stepping: 0xc)
[    0.325780] Performance Events: unsupported p6 CPU model 142 no PMU driver, software events only.
[    0.335142] KVM setup paravirtual spinlock
[    0.336670] x86: Booting SMP configuration:
[    0.337613] .... node  #0, CPUs:      #1
[    0.338687] kvm-clock: cpu 1, msr 0:3ffe3041, secondary cpu clock
[    0.350728] mce: CPU supports 0 MCE banks
[    0.353472] x86: Booted up 1 node, 2 CPUs
[    0.354356] smpboot: Total of 2 processors activated (7968.00 BogoMIPS)
[    0.355946] devtmpfs: initialized
[    0.358227] evm: security.selinux
[    0.359010] evm: security.SMACK64
[    0.359858] evm: security.SMACK64EXEC
[    0.360633] evm: security.SMACK64TRANSMUTE
[    0.361574] evm: security.SMACK64MMAP
[    0.362469] evm: security.ima
[    0.363223] evm: security.capability
[    0.364215] clocksource: jiffies: mask: 0xffffffff max_cycles: 0xffffffff, max_idle_ns: 7645041785100000 ns
[    0.366372] futex hash table entries: 512 (order: 3, 32768 bytes)
[    0.367475] pinctrl core: initialized pinctrl subsystem
[    0.368364] RTC time:  5:14:55, date: 09/22/21
[    0.371409] NET: Registered protocol family 16
[    0.385764] cpuidle: using governor ladder
[    0.396880] cpuidle: using governor menu
[    0.398254] PCCT header not found.
[    0.399361] ACPI: bus type PCI registered
[    0.400209] acpiphp: ACPI Hot Plug PCI Controller Driver version: 0.5
[    0.401210] PCI: Using configuration type 1 for base access
[    0.413848] ACPI: Added _OSI(Module Device)
[    0.414888] ACPI: Added _OSI(Processor Device)
[    0.415996] ACPI: Added _OSI(3.0 _SCP Extensions)
[    0.417136] ACPI: Added _OSI(Processor Aggregator Device)
[    0.418851] ACPI: Executed 1 blocks of module-level executable AML code
[    0.422058] ACPI: Interpreter enabled
[    0.422907] ACPI: (supports S0 S5)
[    0.423717] ACPI: Using IOAPIC for interrupt routing
[    0.424933] PCI: Using host bridge windows from ACPI; if necessary, use "pci=nocrs" and report a bug
[    0.429396] ACPI: PCI Root Bridge [PCI0] (domain 0000 [bus 00-ff])
[    0.430855] acpi PNP0A03:00: _OSC: OS supports [ASPM ClockPM Segments MSI]
[    0.432616] acpi PNP0A03:00: _OSC: not requesting OS control; OS requires [ExtendedConfig ASPM ClockPM MSI]
[    0.434153] acpi PNP0A03:00: fail to add MMCONFIG information, can't access extended PCI configuration space under this bridge.
[    0.436107] PCI host bridge to bus 0000:00
[    0.436789] pci_bus 0000:00: root bus resource [io  0x0000-0x0cf7 window]
[    0.437762] pci_bus 0000:00: root bus resource [io  0x0d00-0xffff window]
[    0.438689] pci_bus 0000:00: root bus resource [mem 0x000a0000-0x000bffff window]
[    0.439923] pci_bus 0000:00: root bus resource [mem 0x40000000-0xfdffffff window]
[    0.441128] pci_bus 0000:00: root bus resource [bus 00-ff]
[    0.443333] pci 0000:00:01.1: legacy IDE quirk: reg 0x10: [io  0x01f0-0x01f7]
[    0.444338] pci 0000:00:01.1: legacy IDE quirk: reg 0x14: [io  0x03f6]
[    0.445320] pci 0000:00:01.1: legacy IDE quirk: reg 0x18: [io  0x0170-0x0177]
[    0.446445] pci 0000:00:01.1: legacy IDE quirk: reg 0x1c: [io  0x0376]
[    0.465916] pci 0000:00:07.0: quirk: [io  0x4000-0x403f] claimed by PIIX4 ACPI
[    0.467407] pci 0000:00:07.0: quirk: [io  0x4100-0x410f] claimed by PIIX4 SMB
[    0.484458] ACPI: PCI Interrupt Link [LNKA] (IRQs 5 9 10 *11)
[    0.486425] ACPI: PCI Interrupt Link [LNKB] (IRQs 5 9 *10 11)
[    0.487891] ACPI: PCI Interrupt Link [LNKC] (IRQs 5 *9 10 11)
[    0.489074] ACPI: PCI Interrupt Link [LNKD] (IRQs 5 9 10 *11)
[    0.490329] ACPI: Enabled 2 GPEs in block 00 to 07
[    0.491442] vgaarb: setting as boot device: PCI:0000:00:02.0
[    0.492271] vgaarb: device added: PCI:0000:00:02.0,decodes=io+mem,owns=io+mem,locks=none
[    0.493628] vgaarb: loaded
[    0.494156] vgaarb: bridge control possible 0000:00:02.0
[    0.495124] SCSI subsystem initialized
[    0.496013] ACPI: bus type USB registered
[    0.496668] usbcore: registered new interface driver usbfs
[    0.497457] usbcore: registered new interface driver hub
[    0.498275] usbcore: registered new device driver usb
[    0.499490] PCI: Using ACPI for IRQ routing
[    0.500483] NetLabel: Initializing
[    0.501091] NetLabel:  domain hash size = 128
[    0.501749] NetLabel:  protocols = UNLABELED CIPSOv4
[    0.502961] NetLabel:  unlabeled traffic allowed by default
[    0.504024] amd_nb: Cannot enumerate AMD northbridges
[    0.504967] clocksource: Switched to clocksource kvm-clock
[    0.514576] AppArmor: AppArmor Filesystem Enabled
[    0.515500] pnp: PnP ACPI init
[    0.516882] pnp: PnP ACPI: found 3 devices
[    0.525915] clocksource: acpi_pm: mask: 0xffffff max_cycles: 0xffffff, max_idle_ns: 2085701024 ns
[    0.527912] NET: Registered protocol family 2
[    0.529111] TCP established hash table entries: 8192 (order: 4, 65536 bytes)
[    0.530601] TCP bind hash table entries: 8192 (order: 5, 131072 bytes)
[    0.531587] TCP: Hash tables configured (established 8192 bind 8192)
[    0.534780] UDP hash table entries: 512 (order: 2, 16384 bytes)
[    0.535702] UDP-Lite hash table entries: 512 (order: 2, 16384 bytes)
[    0.536649] NET: Registered protocol family 1
[    0.537687] pci 0000:00:00.0: Limiting direct PCI/PCI transfers
[    0.538968] pci 0000:00:01.0: Activating ISA DMA hang workarounds
[    0.540645] Unpacking initramfs...
[    0.740469] Freeing initrd memory: 14888K
[    0.741517] clocksource: tsc: mask: 0xffffffffffffffff max_cycles: 0x396d519840e, max_idle_ns: 881590569543 ns
[    0.743922] platform rtc_cmos: registered platform RTC device (no PNP device found)
[    0.745908] Scanning for low memory corruption every 60 seconds
[    0.747507] audit: initializing netlink subsys (disabled)
[    0.748320] audit: type=2000 audit(1632287700.490:1): initialized
[    0.749462] Initialise system trusted keyring
[    0.750546] HugeTLB registered 2 MB page size, pre-allocated 0 pages
[    0.752405] zbud: loaded
[    0.753255] VFS: Disk quotas dquot_6.6.0
[    0.753935] VFS: Dquot-cache hash table entries: 512 (order 0, 4096 bytes)
[    0.755068] squashfs: version 4.0 (2009/01/31) Phillip Lougher
[    0.758579] fuse init (API version 7.23)
[    0.759755] Key type big_key registered
[    0.760628] Allocating IMA MOK and blacklist keyrings.
[    0.764212] Key type asymmetric registered
[    0.765469] Asymmetric key parser 'x509' registered
[    0.766508] Block layer SCSI generic (bsg) driver version 0.4 loaded (major 249)
[    0.768279] io scheduler noop registered
[    0.769212] io scheduler deadline registered (default)
[    0.770460] io scheduler cfq registered
[    0.771647] pci_hotplug: PCI Hot Plug PCI Core version: 0.5
[    0.772741] pciehp: PCI Express Hot Plug Controller Driver version: 0.4
[    0.773828] ACPI: AC Adapter [AC] (on-line)
[    0.774566] input: Power Button as /devices/LNXSYSTM:00/LNXPWRBN:00/input/input0
[    0.775745] ACPI: Power Button [PWRF]
[    0.776462] input: Sleep Button as /devices/LNXSYSTM:00/LNXSLPBN:00/input/input1
[    0.777666] ACPI: Sleep Button [SLPF]
[    0.778569] GHES: HEST is not enabled!
[    0.779057] ACPI: Battery Slot [BAT0] (battery present)
[    0.780237] Serial: 8250/16550 driver, 32 ports, IRQ sharing enabled
[    0.801590] 00:02: ttyS0 at I/O 0x3f8 (irq = 4, base_baud = 115200) is a 16550A
[    0.806598] Linux agpgart interface v0.103
[    0.809090] loop: module loaded
[    0.810205] scsi host0: ata_piix
[    0.810990] scsi host1: ata_piix
[    0.811783] ata1: PATA max UDMA/33 cmd 0x1f0 ctl 0x3f6 bmdma 0xd000 irq 14
[    0.813598] ata2: PATA max UDMA/33 cmd 0x170 ctl 0x376 bmdma 0xd008 irq 15
[    0.814930] libphy: Fixed MDIO Bus: probed
[    0.816087] tun: Universal TUN/TAP device driver, 1.6
[    0.817405] tun: (C) 1999-2004 Max Krasnyansky <maxk@qualcomm.com>
[    0.819001] PPP generic driver version 2.4.2
[    0.820192] ehci_hcd: USB 2.0 'Enhanced' Host Controller (EHCI) Driver
[    0.821372] ehci-pci: EHCI PCI platform driver
[    0.822058] ehci-platform: EHCI generic platform driver
[    0.822909] ohci_hcd: USB 1.1 'Open' Host Controller (OHCI) Driver
[    0.823816] ohci-pci: OHCI PCI platform driver
[    0.824528] ohci-platform: OHCI generic platform driver
[    0.825387] uhci_hcd: USB Universal Host Controller Interface driver
[    0.826298] i8042: PNP: PS/2 Controller [PNP0303:PS2K,PNP0f03:PS2M] at 0x60,0x64 irq 1,12
[    0.827955] serio: i8042 KBD port at 0x60,0x64 irq 1
[    0.828679] serio: i8042 AUX port at 0x60,0x64 irq 12
[    0.829851] mousedev: PS/2 mouse device common for all mice
[    0.831047] input: AT Translated Set 2 keyboard as /devices/platform/i8042/serio0/input/input2
[    0.832783] rtc_cmos rtc_cmos: rtc core: registered rtc_cmos as rtc0
[    0.833834] rtc_cmos rtc_cmos: alarms up to one day, 114 bytes nvram
[    0.834766] i2c /dev entries driver
[    0.835422] device-mapper: uevent: version 1.0.3
[    0.836220] device-mapper: ioctl: 4.34.0-ioctl (2015-10-28) initialised: dm-devel@redhat.com
[    0.837592] ledtrig-cpu: registered to indicate activity on CPUs
[    0.838853] NET: Registered protocol family 10
[    0.839734] NET: Registered protocol family 17
[    0.840477] Key type dns_resolver registered
[    0.841905] registered taskstats version 1
[    0.842581] Loading compiled-in X.509 certificates
[    0.843747] Loaded X.509 cert 'Build time autogenerated kernel key: cf00e047681d67edb2720680708b7d9498083038'
[    0.845201] zswap: loaded using pool lzo/zbud
[    0.847318] Key type trusted registered
[    0.850050] Key type encrypted registered
[    0.850725] AppArmor: AppArmor sha1 policy hashing enabled
[    0.851546] ima: No TPM chip found, activating TPM-bypass!
[    0.852807] ima: Allocated hash algorithm: sha1
[    0.853804] evm: HMAC attrs: 0x1
[    0.854860]   Magic number: 5:368:214
[    0.855779] rtc_cmos rtc_cmos: setting system clock to 2021-09-22 05:14:56 UTC (1632287696)
[    0.857743] BIOS EDD facility v0.16 2004-Jun-25, 0 devices found
[    0.859003] EDD information not available.
[    0.997282] Freeing unused kernel memory: 1492K
[    0.998299] Write protecting the kernel read-only data: 14336k
[    0.999827] Freeing unused kernel memory: 1584K
[    1.000967] Freeing unused kernel memory: 52K
Loading, please wait...
starting version 229
[    1.011285] random: systemd-udevd: uninitialized urandom read (16 bytes read, 3 bits of entropy available)
[    1.012009] random: udevadm: uninitialized urandom read (16 bytes read, 3 bits of entropy available)
[    1.012028] random: udevadm: uninitialized urandom read (16 bytes read, 3 bits of entropy available)
[    1.018698] random: systemd-udevd: uninitialized urandom read (16 bytes read, 3 bits of entropy available)
[    1.020870] random: systemd-udevd: uninitialized urandom read (16 bytes read, 3 bits of entropy available)
[    1.023056] random: systemd-udevd: uninitialized urandom read (16 bytes read, 3 bits of entropy available)
[    1.025802] random: udevadm: uninitialized urandom read (16 bytes read, 3 bits of entropy available)
[    1.025933] random: systemd-udevd: uninitialized urandom read (16 bytes read, 3 bits of entropy available)
[    1.025954] random: systemd-udevd: uninitialized urandom read (16 bytes read, 3 bits of entropy available)
[    1.025966] random: systemd-udevd: uninitialized urandom read (16 bytes read, 3 bits of entropy available)
[    1.066711] e1000: Intel(R) PRO/1000 Network Driver - version 7.3.21-k8-NAPI
[    1.068039] e1000: Copyright (c) 1999-2006 Intel Corporation.
[    1.074353] Fusion MPT base driver 3.04.20
[    1.075390] Copyright (c) 1999-2008 LSI Corporation
[    1.096188] AVX2 version of gcm_enc/dec engaged.
[    1.097209] AES CTR mode by8 optimization enabled
[    1.101174] Fusion MPT SPI Host driver 3.04.20
[    1.303871] input: ImExPS/2 Generic Explorer Mouse as /devices/platform/i8042/serio1/input/input4
[    1.717936] e1000 0000:00:03.0 eth0: (PCI:33MHz:32-bit) 02:a0:46:b5:71:eb
[    1.719111] e1000 0000:00:03.0 eth0: Intel(R) PRO/1000 Network Connection
[    2.716913] e1000 0000:00:08.0 eth1: (PCI:33MHz:32-bit) 08:00:27:0f:6d:ae
[    2.718111] e1000 0000:00:08.0 eth1: Intel(R) PRO/1000 Network Connection
[    3.717583] e1000 0000:00:09.0 eth2: (PCI:33MHz:32-bit) 08:00:27:2c:5b:70
[    3.718924] e1000 0000:00:09.0 eth2: Intel(R) PRO/1000 Network Connection
[    4.325444] e1000 0000:00:0a.0 eth3: (PCI:33MHz:32-bit) 08:00:27:f9:16:1e
[    4.326861] e1000 0000:00:0a.0 eth3: Intel(R) PRO/1000 Network Connection
[    4.743756] e1000 0000:00:10.0 eth4: (PCI:33MHz:32-bit) 08:00:27:eb:56:28
[    4.744957] e1000 0000:00:10.0 eth4: Intel(R) PRO/1000 Network Connection
[    4.747372] e1000 0000:00:0a.0 enp0s10: renamed from eth3
[    4.749327] mptbase: ioc0: Initiating bringup
[    4.761712] e1000 0000:00:09.0 enp0s9: renamed from eth2
[    4.777769] e1000 0000:00:08.0 enp0s8: renamed from eth1
[    4.789589] e1000 0000:00:10.0 enp0s16: renamed from eth4
[    4.797238] e1000 0000:00:03.0 enp0s3: renamed from eth0
[    4.813820] ioc0: LSI53C1030 A0: Capabilities={Initiator}
[    4.977102] scsi host2: ioc0: LSI53C1030 A0, FwRev=00000000h, Ports=1, MaxQ=256, IRQ=20
[    5.101667] scsi 2:0:0:0: Direct-Access     VBOX     HARDDISK         1.0  PQ: 0 ANSI: 5
[    5.103651] scsi target2:0:0: Beginning Domain Validation
[    5.107780] scsi target2:0:0: Domain Validation skipping write tests
[    5.109235] scsi target2:0:0: Ending Domain Validation
[    5.110155] scsi target2:0:0: asynchronous
[    5.111698] scsi 2:0:1:0: Direct-Access     VBOX     HARDDISK         1.0  PQ: 0 ANSI: 5
[    5.112965] scsi target2:0:1: Beginning Domain Validation
[    5.117390] scsi target2:0:1: Domain Validation skipping write tests
[    5.118607] scsi target2:0:1: Ending Domain Validation
[    5.119723] scsi target2:0:1: asynchronous
[    5.125916] sd 2:0:0:0: Attached scsi generic sg0 type 0
[    5.127315] sd 2:0:0:0: [sda] 83886080 512-byte logical blocks: (42.9 GB/40.0 GiB)
[    5.128740] sd 2:0:1:0: Attached scsi generic sg1 type 0
[    5.129940] sd 2:0:1:0: [sdb] 20480 512-byte logical blocks: (10.5 MB/10.0 MiB)
[    5.130007] sd 2:0:0:0: [sda] Write Protect is off
[    5.130066] sd 2:0:0:0: [sda] Incomplete mode parameter data
[    5.130067] sd 2:0:0:0: [sda] Assuming drive cache: write through
[    5.136138] sd 2:0:1:0: [sdb] Write Protect is off
[    5.137555] sd 2:0:1:0: [sdb] Incomplete mode parameter data
[    5.138766] sd 2:0:1:0: [sdb] Assuming drive cache: write through
[    5.163748]  sda: sda1
[    5.166467] sd 2:0:0:0: [sda] Attached SCSI disk
[    5.167852] sd 2:0:1:0: [sdb] Attached SCSI disk
Begin: Loading essential drivers ... [    6.432768] md: linear personality registered for level -1
[    6.435544] md: multipath personality registered for level -4
[    6.438712] md: raid0 personality registered for level 0
[    6.442662] md: raid1 personality registered for level 1
[    6.513025] raid6: sse2x1   gen() 12648 MB/s
[    6.581039] raid6: sse2x1   xor()  8732 MB/s
[    6.649060] raid6: sse2x2   gen() 17277 MB/s
[    6.717056] raid6: sse2x2   xor() 11489 MB/s
[    6.784987] raid6: sse2x4   gen() 18168 MB/s
[    6.853051] raid6: sse2x4   xor() 11598 MB/s
[    6.921059] raid6: avx2x1   gen() 23737 MB/s
[    6.989044] raid6: avx2x2   gen() 30797 MB/s
[    7.057082] raid6: avx2x4   gen() 35148 MB/s
[    7.058213] raid6: using algorithm avx2x4 gen() 35148 MB/s
[    7.059270] raid6: using avx2x2 recovery algorithm
[    7.061276] xor: automatically using best checksumming function:
[    7.101019]    avx       : 29406.000 MB/sec
[    7.102846] async_tx: api initialized (async)
[    7.110203] md: raid6 personality registered for level 6
[    7.111533] md: raid5 personality registered for level 5
[    7.112615] md: raid4 personality registered for level 4
[    7.119021] md: raid10 personality registered for level 10
done.
Begin: Running /scripts/init-premount ... done.
Begin: Mounting root file system ... Begin: Running /scripts/local-top ... done.
Begin: Running /scripts/local-premount ... [    7.142333] Btrfs loaded
Scanning for Btrfs filesystems
done.
Warning: fsck not present, so skipping root file system
[    7.169165] EXT4-fs (sda1): mounted filesystem with ordered data mode. Opts: (null)
done.
Begin: Running /scripts/local-bottom ... done.
Begin: Running /scripts/init-bottom ... done.
[    7.255129] systemd[1]: systemd 229 running in system mode. (+PAM +AUDIT +SELINUX +IMA +APPARMOR +SMACK +SYSVINIT +UTMP +LIBCRYPTSETUP +GCRYPT +GNUTLS +ACL +XZ -LZ4 +SECCOMP +BLKID +ELFUTILS +KMOD -IDN)
[    7.257888] systemd[1]: Detected virtualization oracle.
[    7.258705] systemd[1]: Detected architecture x86-64.

Welcome to [1mUbuntu 16.04.7 LTS[0m!

[    7.262124] systemd[1]: Set hostname to <ubuntu>.
[    7.264601] systemd[1]: Initializing machine ID from random generator.
[    7.265613] systemd[1]: Installed transient /etc/machine-id file.
[    7.366318] systemd[1]: Reached target Encrypted Volumes.
[[0;32m  OK  [0m] Reached target Encrypted Volumes.
[    7.368391] systemd[1]: Listening on Journal Socket.
[[0;32m  OK  [0m] Listening on Journal Socket.
[    7.370207] systemd[1]: Listening on Journal Audit Socket.
[[0;32m  OK  [0m] Listening on Journal Audit Socket.
[    7.372157] systemd[1]: Created slice User and Session Slice.
[[0;32m  OK  [0m] Created slice User and Session Slice.
[    7.374133] systemd[1]: Created slice System Slice.
[[0;32m  OK  [0m] Created slice System Slice.
[    7.385325] systemd[1]: Starting Uncomplicated firewall...
         Starting Uncomplicated firewall...
[    7.387752] systemd[1]: Mounting POSIX Message Queue File System...
         Mounting POSIX Message Queue File System...
[    7.397647] systemd[1]: Listening on fsck to fsckd communication Socket.
[[0;32m  OK  [0m] Listening on fsck to fsckd communication Socket.
[    7.399777] systemd[1]: Started Trigger resolvconf update for networkd DNS.
[[0;32m  OK  [0m] Started Trigger resolvconf update for networkd DNS.
[    7.402360] systemd[1]: Listening on /dev/initctl Compatibility Named Pipe.
[[0;32m  OK  [0m] Listening on /dev/initctl Compatibility Named Pipe.
[    7.417643] systemd[1]: Mounting Huge Pages File System...
         Mounting Huge Pages File System...
[    7.420536] systemd[1]: Listening on Journal Socket (/dev/log).
[[0;32m  OK  [0m] Listening on Journal Socket (/dev/log).
[    7.429282] systemd[1]: Created slice system-serial\x2dgetty.slice.
[[0;32m  OK  [0m] Created slice system-serial\x2dgetty.slice.
[    7.449118] systemd[1]: Starting Nameserver information manager...
         Starting Nameserver information manager...
[    7.457103] systemd[1]: Listening on udev Kernel Socket.
[[0;32m  OK  [0m] Listening on udev Kernel Socket.
[    7.459743] systemd[1]: Starting Create list of required static device nodes for the current kernel...
         Starting Create list of required st... nodes for the current kernel...
[    7.469989] systemd[1]: Reached target User and Group Name Lookups.
[[0;32m  OK  [0m] Reached target User and Group Name Lookups.
[    7.472019] systemd[1]: Reached target Swap.
[[0;32m  OK  [0m] Reached target Swap.
[    7.498368] systemd[1]: Starting Set console keymap...
         Starting Set console keymap...
[    7.501136] systemd[1]: Listening on LVM2 metadata daemon socket.
[[0;32m  OK  [0m] Listening on LVM2 metadata daemon socket.
[    7.503164] systemd[1]: Listening on udev Control Socket.
[[0;32m  OK  [0m] Listening on udev Control Socket.
[    7.505358] systemd[1]: Starting File System Check on Root Device...
         Starting File System Check on Root Device...
[    7.507101] systemd[1]: Listening on Device-mapper event daemon FIFOs.
[[0;32m  OK  [0m] Listening on Device-mapper event daemon FIFOs.
[    7.511949] systemd[1]: Starting Monitoring of LVM2 mirrors, snapshots etc. using dmeventd or progress polling...
[    7.513897] systemd[1]: Reached target Slices.
         Starting Monitoring of LVM2 mirrors... dmeventd or progress polling...
[[0;32m  OK  [0m] Reached target Slices.
[    7.518010] systemd[1]: Starting Load Kernel Modules...
         Starting Load Kernel Modules...
[    7.519704] systemd[1]: Listening on LVM2 poll daemon socket.
[[0;32m  OK  [0m] Listening on LVM2 poll daemon socket.
[    7.523236] systemd[1]: Mounting Debug File System...
         Mounting Debug File System...
[    7.528778] systemd[1]: Set up automount Arbitrary Executable File Formats File System Automount Point.
[    7.528807] Loading iSCSI transport class v2.0-870.
[[0;32m  OK  [0m] Set up automount Arbitrary Executab...ats File System Automount Point.
[    7.534288] systemd[1]: Listening on Syslog Socket.
[[0;32m  OK  [0m] Listening on Syslog Socket.
[    7.536635] systemd[1]: Starting Journal Service...
[    7.537861] iscsi: registered transport (tcp)
         Starting Journal Service...
[    7.548827] systemd[1]: Started Forward Password Requests to Wall Directory Watch.
[[0;32m  OK  [0m] Started Forward Password Requests to Wall Directory Watch.
[    7.552115] systemd[1]: Reached target System Time Synchronized.
[[0;32m  OK  [0m] Reached target System Time Synchronized.
[    7.555722] systemd[1]: Mounted POSIX Message Queue File System.
[[0;32m  OK  [0m] Mounted POSIX Message Queue File System.
[    7.559785] systemd[1]: Mounted Huge Pages File System.
[[0;32m  OK  [0m] Mounted Huge Pages File System.
[    7.561491] systemd[1]: Mounted Debug File System.
[[0;32m  OK  [0m] Mounted Debug File System.
[    7.563439] systemd[1]: Started Uncomplicated firewall.
[[0;32m  OK  [0m] Started Uncomplicated firewall.
[    7.570367] systemd[1]: Started Create list of required static device nodes for the current kernel.
[[0;32m  OK  [0m] Started Create list of required sta...ce nodes for the current kernel.
[    7.574000] systemd[1]: Started Set console keymap.
[[0;32m  OK  [0m] Started Set console keymap.
[    7.576548] systemd[1]: Started File System Check on Root Device.
[[0;32m  OK  [0m] Started File System Check on Root Device.
[    7.584600] iscsi: registered transport (iser)
[    7.593546] systemd[1]: Started Nameserver information manager.
[[0;32m  OK  [0m] Started Nameserver information manager.
[    7.596181] systemd[1]: Started Load Kernel Modules.
[[0;32m  OK  [0m] Started Load Kernel Modules.
[    7.606215] systemd[1]: Started Journal Service.
[[0;32m  OK  [0m] Started Journal Service.
[[0;32m  OK  [0m] Started File System Check Daemon to report status.
[[0;32m  OK  [0m] Started LVM2 metadata daemon.
         Starting Apply Kernel Variables...
         Mounting FUSE Control File System...
         Starting Remount Root and Kernel File Systems...
         Starting Create Static Device Nodes in /dev...
[[0;32m  OK  [0m] Mounted FUSE Control File System.
[[0;32m  OK  [0m] Started Apply Kernel Variables.
[[0;32m  OK  [0m] Started Remount Root and Kernel File Systems.
         Starting Load/Save Random Seed...
         Starting udev Coldplug all Devices...
         Starting Flush Journal to Persistent Storage...
[[0;32m  OK  [0m] Started Create Static Device Nodes in /dev.
[[0;32m  OK  [0m] Started Load/Save Random Seed.
         Starting udev Kernel Device Manager...
[[0;32m  OK  [0m] Started Flush Journal to Persistent Storage.
[[0;32m  OK  [0m] Started udev Coldplug all Devices.
[[0;32m  OK  [0m] Started udev Kernel Device Manager.
[[0;32m  OK  [0m] Started Dispatch Password Requests to Console Directory Watch.
[[0;32m  OK  [0m] Found device /dev/ttyS0.
[[0;32m  OK  [0m] Listening on Load/Save RF Kill Switch Status /dev/rfkill Watch.
[[0;32m  OK  [0m] Started Monitoring of LVM2 mirrors,...ng dmeventd or progress polling.
[[0;32m  OK  [0m] Reached target Local File Systems (Pre).
[[0;32m  OK  [0m] Reached target Local File Systems.
         Starting Initial cloud-init job (pre-networking)...
         Starting Create Volatile Files and Directories...
         Starting Tell Plymouth To Write Out Runtime Data...
         Starting Set console font and keymap...
         Starting LSB: AppArmor initialization...
         Starting Commit a transient machine-id on disk...
[[0;32m  OK  [0m] Started Create Volatile Files and Directories.
         Starting Update UTMP about System Boot/Shutdown...
[[0;32m  OK  [0m] Started Tell Plymouth To Write Out Runtime Data.
[[0;32m  OK  [0m] Started Commit a transient machine-id on disk.
[[0;32m  OK  [0m] Started Update UTMP about System Boot/Shutdown.
[[0;32m  OK  [0m] Started Set console font and keymap.
[[0;32m  OK  [0m] Created slice system-getty.slice.
[[0;32m  OK  [0m] Started LSB: AppArmor initialization.
         Starting Load AppArmor profiles managed internally by snapd...
[[0;32m  OK  [0m] Started Load AppArmor profiles managed internally by snapd.
[    8.853247] cloud-init[661]: Cloud-init v. 21.1-19-gbad84ad4-0ubuntu1~16.04.2 running 'init-local' at Wed, 22 Sep 2021 05:15:04 +0000. Up 8.61 seconds.
[[0;32m  OK  [0m] Started Initial cloud-init job (pre-networking).
[[0;32m  OK  [0m] Reached target Network (Pre).
         Starting Raise network interfaces...
[[0;32m  OK  [0m] Started Raise network interfaces.
         Starting Initial cloud-init job (metadata service crawler)...
[[0;32m  OK  [0m] Reached target Network.
[    9.651138] cloud-init[1013]: Cloud-init v. 21.1-19-gbad84ad4-0ubuntu1~16.04.2 running 'init' at Wed, 22 Sep 2021 05:15:05 +0000. Up 9.31 seconds.
[    9.660363] cloud-init[1013]: ci-info: +++++++++++++++++++++++++++++++++++++++Net device info+++++++++++++++++++++++++++++++++++++++
[    9.661804] cloud-init[1013]: ci-info: +---------+-------+----------------------------+---------------+--------+-------------------+
[    9.663026] cloud-init[1013]: ci-info: |  Device |   Up  |          Address           |      Mask     | Scope  |     Hw-Address    |
[    9.664452] cloud-init[1013]: ci-info: +---------+-------+----------------------------+---------------+--------+-------------------+
[    9.665866] cloud-init[1013]: ci-info: | enp0s10 | False |             .              |       .       |   .    | 08:00:27:f9:16:1e |
[    9.667339] cloud-init[1013]: ci-info: | enp0s16 | False |             .              |       .       |   .    | 08:00:27:eb:56:28 |
[    9.668867] cloud-init[1013]: ci-info: |  enp0s3 |  True |         10.0.2.15          | 255.255.255.0 | global | 02:a0:46:b5:71:eb |
[    9.670400] cloud-init[1013]: ci-info: |  enp0s3 |  True | fe80::a0:46ff:feb5:71eb/64 |       .       |  link  | 02:a0:46:b5:71:eb |
[    9.671863] cloud-init[1013]: ci-info: |  enp0s8 | False |             .              |       .       |   .    | 08:00:27:0f:6d:ae |
[    9.673475] cloud-init[1013]: ci-info: |  enp0s9 | False |             .              |       .       |   .    | 08:00:27:2c:5b:70 |
[    9.674908] cloud-init[1013]: ci-info: |    lo   |  True |         127.0.0.1          |   255.0.0.0   |  host  |         .         |
[    9.676516] cloud-init[1013]: ci-info: |    lo   |  True |          ::1/128           |       .       |  host  |         .         |[[0;32m  OK  [0m] Started Initial cloud-init job (metadata service crawler).
[[0;32m  OK  [0m] Reached target System Initialization.
[[0;32m  OK  [0m] Started Daily apt download activities.

[    9.680368] cloud-init[1013]: ci-info: +---------+-------+----------------------------+---------------+--------+-------------------+
[    9.681676] cloud-init[1013]: ci-info: +++++++++++++++++++++++++++Route IPv4 info++++++++++++++++++++++++++++
[    9.681849] cloud-init[1013]: ci-info: +-------+-------------+----------+---------------+-----------+-------+
[    9.682067] cloud-init[1013]: ci-info: | Route | Destination | Gateway  |    Genmask    | Interface | Flags |
[    9.682308] cloud-init[1013]: ci-info: +-------+-------------+----------+---------------+-----------+-------+
[    9.682516] cloud-init[1013]: ci-info: |   0   |   0.0.0.0   | 10.0.2.2 |    0.0.0.0    |   enp0s3  |   UG  |
[    9.682738] cloud-init[1013]: ci-info: |   1   |   10.0.2.0  | 0.0.0.0  | 255.255.255.0 |   enp0s3  |   U   |
[    9.682957] cloud-init[1013]: ci-info: +-------+-------------+----------+---------------+-----------+-------+
[    9.683218] cloud-init[1013]: ci-info: +++++++++++++++++++Route IPv6 info+++++++++++++++++++
[    9.683438] cloud-init[1013]: ci-info: +-------+-------------+---------+-----------+-------+
[    9.683666] cloud-init[1013]: ci-info: | Route | Destination | Gateway | Interface | Flags |
[    9.683899] cloud-init[1013]: ci-info: +-------+-------------+---------+-----------+-------+
[    9.684279] cloud-init[1013]: ci-info: |   0   |  fe80::/64  |    ::   |   enp0s3  |   U   |
[    9.684500] cloud-init[1013]: ci-info: |   3   |   ff00::/8  |    ::   |   enp0s3  |   U   |
[    9.684721] cloud-init[1013]: ci-info: +-------+-------------+---------+-----------+-------+
[    9.684946] cloud-init[1013]: Generating public/private rsa key pair.
[    9.685187] cloud-init[1013]: Your identification has been saved in /etc/ssh/ssh_host_rsa_key.
[    9.685402] cloud-init[1013]: Your public key has been saved in /etc/ssh/ssh_host_rsa_key.pub.
[    9.685626] cloud-init[1013]: The key fingerprint is:
[    9.685854] cloud-init[1013]: SHA256:6NG1c3we1RgwGEjSVxqODCURke0xsbfLSvroD+6dQaQ root@ubuntu-xenial
[    9.686119] cloud-init[1013]: The key's randomart image is:
[    9.686336] cloud-init[1013]: +---[RSA 2048]----+
[    9.686561] cloud-init[1013]: |      BX+oo++..  |
[    9.686787] cloud-init[1013]: |      .=*+oo . o.|
[    9.687016] cloud-init[1013]: |       .=+=   . o|
[    9.687256] cloud-init[1013]: |       =.o +   . |
[    9.687474] cloud-init[1013]: |      E S + o o  |
[    9.687704] cloud-init[1013]: |     . o . + o . |
[    9.687926] cloud-init[1013]: |      o o o   .  |
[    9.688175] cloud-init[1013]: |     . * +       |
[    9.688390] cloud-init[1013]: |     o*o*        |
[    9.688612] cloud-init[1013]: +----[SHA256]-----+
[    9.688841] cloud-init[1013]: Generating public/private dsa key pair.
[    9.689080] cloud-init[1013]: Your identification has been saved in /etc/ssh/ssh_host_dsa_key.
[    9.689313] cloud-init[1013]: Your public key has been saved in /etc/ssh/ssh_host_dsa_key.pub.
[    9.689545] cloud-init[1013]: The key fingerprint is:
[    9.689774] cloud-init[1013]: SHA256:655rrW8PuGFEbsSzHjBLOF7Jis1bjZ4r3DvsPXfWBvI root@ubuntu-xenial
[    9.690019] cloud-init[1013]: The key's randomart image is:
[    9.690260] cloud-init[1013]: +---[DSA 1024]----+
[    9.690497] cloud-init[1013]: |                 |
[    9.690738] cloud-init[1013]: |     o o         |
[    9.690985] cloud-init[1013]: |    o B =        |
[    9.691217] cloud-init[1013]: |   = = X o       |
[    9.691437] cloud-init[1013]: |  . = + S        |
[    9.691661] cloud-init[1013]: |     + = +. .    |
[    9.691881] cloud-init[1013]: |   ..oo *..o o   |
[    9.692356] cloud-init[1013]: |    o +=o++.E o  |
[    9.692581] cloud-init[1013]: |     o+=OB.+..   |
[    9.692810] cloud-init[1013]: +----[SHA256]-----+
[    9.693055] cloud-init[1013]: Generating public/private ecdsa key pair.
[    9.693280] cloud-init[1013]: Your identification has been saved in /etc/ssh/ssh_host_ecdsa_key.
[    9.693511] cloud-init[1013]: Your public key has been saved in /etc/ssh/ssh_host_ecdsa_key.pub.
[    9.693743] cloud-init[1013]: The key fingerprint is:
[[0;32m  OK  [0m] Started ACPI Events Check.
[    9.693910] cloud-init[1013]: SHA256:kGDT16NIHbsuM5w1ka59NILY98NuhR0RdilZ11uAJns root@ubuntu-xenial
[    9.693933] cloud-init[1013]: The key's randomart image is:
[    9.694186] cloud-init[1013]: +---[ECDSA 256]---+
[    9.694411] cloud-init[1013]: |    +. ..o  o=+oo|
[    9.694637] cloud-init[1013]: |   . oo.oo+.*...o|
[    9.694874] cloud-init[1013]: |     .oo+. = o  o|
[    9.695090] cloud-init[1013]: |     o.+.o. E  . |
[    9.695318] cloud-init[1013]: |    . o S o+ .   |
[    9.695545] cloud-init[1013]: |     . B *..o    |
[    9.695781] cloud-init[1013]: |      B o =.     |
[    9.696358] cloud-init[1013]: |       + o..     |
[    9.696578] cloud-init[1013]: |         ..      |
[    9.696817] cloud-init[1013]: +----[SHA256]-----+
[    9.697032] cloud-init[1013]: Generating public/private ed25519 key pair.
[    9.697353] cloud-init[1013]: Your identification has been saved in /etc/ssh/ssh_host_ed25519_key.
[    9.697598] cloud-init[1013]: Your public key has been saved in /etc/ssh/ssh_host_ed25519_key.pub.
[    9.697837] cloud-init[1013]: The key fingerprint is:
[    9.698055] cloud-init[1013]: SHA256:ftNk4/3ItislfQbmerKMnfhk7TfD+lifFVjye80UhBc root@ubuntu-xenial
[    9.698284] cloud-init[1013]: The key's randomart image is:
[    9.698510] cloud-init[1013]: +--[ED25519 256]--+
[    9.698732] cloud-init[1013]: |              .E.|
[[    9.698811] cloud-init[1013]: |             ... |
[    9.720815] cloud-init[1013]: |             ..o |
[    9.721027] cloud-init[1013]: |              B .|
[    9.721293] cloud-init[1013]: |        S   += +.|
[    9.721507] cloud-init[1013]: |       .   =.++o*|
[    9.721726] cloud-init[1013]: |        . o =++==|
[    9.721951] cloud-init[1013]: |         . O++=**|
[    9.722170] cloud-init[1013]: |          o.*OO*=|
[    9.722440] cloud-init[1013]: +----[SHA256]-----+
[0;32m  OK  [0m] Reached target Paths.
         Starting LXD - unix socket.
[[0;32m  OK  [0m] Started Ubuntu Advantage update messaging.
[[0;32m  OK  [0m] Started Message of the Day.
         Starting Socket activation for snappy daemon.
[[0;32m  OK  [0m] Started Daily apt upgrade and clean activities.
[[0;32m  OK  [0m] Listening on ACPID Listen Socket.
[[0;32m  OK  [0m] Started Daily Cleanup of Temporary Directories.
[[0;32m  OK  [0m] Reached target Timers.
[[0;32m  OK  [0m] Listening on UUID daemon activation socket.
[[0;32m  OK  [0m] Listening on D-Bus System Message Bus Socket.
[[0;32m  OK  [0m] Reached target Network is Online.
         Starting iSCSI initiator daemon (iscsid)...
[[0;32m  OK  [0m] Reached target Cloud-config availability.
[[0;32m  OK  [0m] Listening on LXD - unix socket.
[[0;32m  OK  [0m] Listening on Socket activation for snappy daemon.
[[0;32m  OK  [0m] Reached target Sockets.
[[0;32m  OK  [0m] Reached target Basic System.
[[0;32m  OK  [0m] Started Deferred execution scheduler.
[[0;32m  OK  [0m] Started Regular background program processing daemon.
         Starting Virtualbox guest utils...
[[0;32m  OK  [0m] Started D-Bus System Message Bus.
         Starting LSB: MD monitoring daemon...
         Starting Pollinate to seed the pseudo random number generator...
[[0;32m  OK  [0m] Started ACPI event daemon.
         Starting Accounts Service...
         Starting /etc/rc.local Compatibility...
         Starting System Logging Service...
[[0;32m  OK  [0m] Started FUSE filesystem for LXC.
         Starting Login Service...
         Starting Snap Daemon...
         Starting LSB: Record successful boot for GRUB...
         Starting LXD - container startup/shutdown...
[[0;32m  OK  [0m] Started iSCSI initiator daemon (iscsid).
[[0;32m  OK  [0m] Started /etc/rc.local Compatibility.
         Starting Login to default iSCSI targets...
[[0;32m  OK  [0m] Started System Logging Service.
[[0;32m  OK  [0m] Started Login Service.
[[0;32m  OK  [0m] Started Unattended Upgrades Shutdown.
         Starting Authenticate and Authorize Users to Run Privileged Tasks...
[[0;32m  OK  [0m] Started LSB: Record successful boot for GRUB.
[[0;32m  OK  [0m] Started Login to default iSCSI targets.
[[0;32m  OK  [0m] Reached target Remote File Systems (Pre).
[[0;32m  OK  [0m] Reached target Remote File Systems.
         Starting LSB: daemon to balance interrupts for SMP systems...
         Starting Permit User Sessions...
         Starting LSB: Set the CPU Frequency Scaling governor to "ondemand"...
         Starting LSB: automatic crash report generation...
[[0;32m  OK  [0m] Started LSB: MD monitoring daemon.
[[0;32m  OK  [0m] Started Permit User Sessions.
         Starting Terminate Plymouth Boot Screen...
         Starting Hold until boot process finishes up...
[[0;32m  OK  [0m] Started LSB: Set the CPU Frequency Scaling governor to "ondemand".
[[0;32m  OK  [0m] Started Terminate Plymouth Boot Screen.
[[0;32m  OK  [0m] Started Hold until boot process finishes up.
[[0;32m  OK  [0m] Started Authenticate and Authorize Users to Run Privileged Tasks.
[[0;32m  OK  [0m] Started Accounts Service.
[[0;32m  OK  [0m] Started Serial Getty on ttyS0.
[[0;32m  OK  [0m] Started Getty on tty1.
[[0;32m  OK  [0m] Reached target Login Prompts.
         Starting Set console scheme...
[[0;32m  OK  [0m] Started LSB: daemon to balance interrupts for SMP systems.
[[0;32m  OK  [0m] Started LSB: automatic crash report generation.
[[0;32m  OK  [0m] Started Set console scheme.
[[0;32m  OK  [0m] Started LXD - container startup/shutdown.
[[0;32m  OK  [0m] Started Virtualbox guest utils.
[[0;32m  OK  [0m] Started Snap Daemon.
         Starting Wait until snapd is fully seeded...
[[0;32m  OK  [0m] Started Pollinate to seed the pseudo random number generator.
         Starting OpenBSD Secure Shell server...
[[0;32m  OK  [0m] Started OpenBSD Secure Shell server.
[[0;32m  OK  [0m] Started Wait until snapd is fully seeded.
[[0;32m  OK  [0m] Reached target Multi-User System.
[[0;32m  OK  [0m] Reached target Graphical Interface.
         Starting Update UTMP about System Runlevel Changes...
         Starting Apply the settings specified in cloud-config...
[[0;32m  OK  [0m] Started Update UTMP about System Runlevel Changes.
[   11.581351] cloud-init[1357]: Generating locales (this might take a while)...
[[0;32m  OK  [0m] Created slice User Slice of vagrant.
         Starting User Manager for UID 1000...
[[0;32m  OK  [0m] Started Session 1 of user vagrant.
[[0;32m  OK  [0m] Started User Manager for UID 1000.
[   12.207735] cloud-init[1357]:   en_US.UTF-8... done
[   12.208502] cloud-init[1357]: Generation complete.
[   12.462120] cloud-init[1357]: Cloud-init v. 21.1-19-gbad84ad4-0ubuntu1~16.04.2 running 'modules:config' at Wed, 22 Sep 2021 05:15:07 +0000. Up 11.51 seconds.
[[0;32m  OK  [0m] Started Apply the settings specified in cloud-config.
         Starting Execute cloud user/final scripts...
ci-info: no authorized SSH keys fingerprints found for user ubuntu.
<14>Sep 22 05:15:08 ec2: 
<14>Sep 22 05:15:08 ec2: #############################################################
<14>Sep 22 05:15:08 ec2: -----BEGIN SSH HOST KEY FINGERPRINTS-----
<14>Sep 22 05:15:08 ec2: 1024 SHA256:655rrW8PuGFEbsSzHjBLOF7Jis1bjZ4r3DvsPXfWBvI root@ubuntu-xenial (DSA)
<14>Sep 22 05:15:08 ec2: 256 SHA256:kGDT16NIHbsuM5w1ka59NILY98NuhR0RdilZ11uAJns root@ubuntu-xenial (ECDSA)
<14>Sep 22 05:15:08 ec2: 256 SHA256:ftNk4/3ItislfQbmerKMnfhk7TfD+lifFVjye80UhBc root@ubuntu-xenial (ED25519)
<14>Sep 22 05:15:08 ec2: 2048 SHA256:6NG1c3we1RgwGEjSVxqODCURke0xsbfLSvroD+6dQaQ root@ubuntu-xenial (RSA)
<14>Sep 22 05:15:08 ec2: -----END SSH HOST KEY FINGERPRINTS-----
<14>Sep 22 05:15:08 ec2: #############################################################
-----BEGIN SSH HOST KEY KEYS-----
ecdsa-sha2-nistp256 AAAAE2VjZHNhLXNoYTItbmlzdHAyNTYAAAAIbmlzdHAyNTYAAABBBJjy2Y4t1bL+RP+wzytmG/C1AihGxXZsmOWkau1kNq1qpYFY4nsQJUER1Al0ecvJyOnSHyCKX8su6kqGpIOizV8= root@ubuntu-xenial
ssh-ed25519 AAAAC3NzaC1lZDI1NTE5AAAAIHDxfeez/y4BnQCiaaWW54uAjRImFZAvv6qvHLqkNfd0 root@ubuntu-xenial
ssh-rsa AAAAB3NzaC1yc2EAAAADAQABAAABAQDmJsNzXOZ/OF3kkabTdQPdFq4UWJKUUfCo3jv4nG75WTQiVb1xa12tK9zOfsgOeq3Lo/mwLsccXebEssEBsc2em8KmVaDzqPl85gqu9NS/VW52L9Uqb37+YmLvCQFbGAHge56Fglr810XnpkU1qQvaTWsXxbXV4y8MTvC3qf60WQTbnBVtxB0h/Cq2G39IXLUTO58d+DkM+H1gJjoD5EsgaKH8qgUxBJz00UqRBhEdkAqtK+w8iS0XaNrluHUaEabVjS3OzYH0idJHgxhwOTVDfQp7MG7NNr3uXlydW4wzsgno+22jET5XbMDhHqQ+ty9hjXfxAQJeYlc8s/GBmodx root@ubuntu-xenial
-----END SSH HOST KEY KEYS-----
[   12.893590] cloud-init[1469]: Cloud-init v. 21.1-19-gbad84ad4-0ubuntu1~16.04.2 running 'modules:final' at Wed, 22 Sep 2021 05:15:08 +0000. Up 12.77 seconds.
[   12.900352] cloud-init[1469]: ci-info: no authorized SSH keys fingerprints found for user ubuntu.
[   12.908284] cloud-init[1469]: Cloud-init v. 21.1-19-gbad84ad4-0ubuntu1~16.04.2 finished at Wed, 22 Sep 2021 05:15:08 +0000. Datasource DataSourceNoCloud [seed=/dev/sdb][dsmode=net].  Up 12.88 seconds
[[0;32m  OK  [0m] Started Execute cloud user/final scripts.
[[0;32m  OK  [0m] Reached target Cloud-init target.

Ubuntu 16.04.7 LTS ubuntu-xenial ttyS0

ubuntu-xenial login: 