[    0.000000] Initializing cgroup subsys cpuset
[    0.000000] Initializing cgroup subsys cpu
[    0.000000] Initializing cgroup subsys cpuacct
[    0.000000] Linux version 4.4.0-210-generic (buildd@lgw01-amd64-009) (gcc version 5.4.0 20160609 (Ubuntu 5.4.0-6ubuntu1~16.04.12) ) #242-Ubuntu SMP Fri Apr 16 09:57:56 UTC 2021 (Ubuntu 4.4.0-210.242-generic 4.4.262)
[    0.000000] Command line: BOOT_IMAGE=/boot/vmlinuz-4.4.0-210-generic root=LABEL=cloudimg-rootfs ro console=tty1 console=ttyS0
[    0.000000] KERNEL supported cpus:
[    0.000000]   Intel GenuineIntel
[    0.000000]   AMD AuthenticAMD
[    0.000000]   Centaur CentaurHauls
[    0.000000] x86/fpu: Legacy x87 FPU detected.
[    0.000000] e820: BIOS-provided physical RAM map:
[    0.000000] BIOS-e820: [mem 0x0000000000000000-0x000000000009fbff] usable
[    0.000000] BIOS-e820: [mem 0x000000000009fc00-0x000000000009ffff] reserved
[    0.000000] BIOS-e820: [mem 0x00000000000f0000-0x00000000000fffff] reserved
[    0.000000] BIOS-e820: [mem 0x0000000000100000-0x000000007ffeffff] usable
[    0.000000] BIOS-e820: [mem 0x000000007fff0000-0x000000007fffffff] ACPI data
[    0.000000] BIOS-e820: [mem 0x00000000fec00000-0x00000000fec00fff] reserved
[    0.000000] BIOS-e820: [mem 0x00000000fee00000-0x00000000fee00fff] reserved
[    0.000000] BIOS-e820: [mem 0x00000000fffc0000-0x00000000ffffffff] reserved
[    0.000000] NX (Execute Disable) protection: active
[    0.000000] SMBIOS 2.5 present.
[    0.000000] Hypervisor detected: KVM
[    0.000000] Kernel/User page tables isolation: disabled
[    0.000000] e820: last_pfn = 0x7fff0 max_arch_pfn = 0x400000000
[    0.000000] MTRR: Disabled
[    0.000000] x86/PAT: MTRRs disabled, skipping PAT initialization too.
[    0.000000] CPU MTRRs all blank - virtualized system.
[    0.000000] x86/PAT: Configuration [0-7]: WB  WT  UC- UC  WB  WT  UC- UC  
[    0.000000] found SMP MP-table at [mem 0x0009fff0-0x0009ffff] mapped at [ffff88000009fff0]
[    0.000000] Scanning 1 areas for low memory corruption
[    0.000000] RAMDISK: [mem 0x362dc000-0x37165fff]
[    0.000000] ACPI: Early table checksum verification disabled
[    0.000000] ACPI: RSDP 0x00000000000E0000 000024 (v02 VBOX  )
[    0.000000] ACPI: XSDT 0x000000007FFF0030 00003C (v01 VBOX   VBOXXSDT 00000001 ASL  00000061)
[    0.000000] ACPI: FACP 0x000000007FFF00F0 0000F4 (v04 VBOX   VBOXFACP 00000001 ASL  00000061)
[    0.000000] ACPI: DSDT 0x000000007FFF0470 002325 (v02 VBOX   VBOXBIOS 00000002 INTL 20100528)
[    0.000000] ACPI: FACS 0x000000007FFF0200 000040
[    0.000000] ACPI: FACS 0x000000007FFF0200 000040
[    0.000000] ACPI: APIC 0x000000007FFF0240 00005C (v02 VBOX   VBOXAPIC 00000001 ASL  00000061)
[    0.000000] ACPI: SSDT 0x000000007FFF02A0 0001CC (v01 VBOX   VBOXCPUT 00000002 INTL 20100528)
[    0.000000] No NUMA configuration found
[    0.000000] Faking a node at [mem 0x0000000000000000-0x000000007ffeffff]
[    0.000000] NODE_DATA(0) allocated [mem 0x7ffeb000-0x7ffeffff]
[    0.000000] kvm-clock: Using msrs 4b564d01 and 4b564d00
[    0.000000] kvm-clock: cpu 0, msr 0:7ffe3001, primary cpu clock
[    0.000000] kvm-clock: using sched offset of 3907419219 cycles
[    0.000000] clocksource: kvm-clock: mask: 0xffffffffffffffff max_cycles: 0x1cd42e4dffb, max_idle_ns: 881590591483 ns
[    0.000000] Zone ranges:
[    0.000000]   DMA      [mem 0x0000000000001000-0x0000000000ffffff]
[    0.000000]   DMA32    [mem 0x0000000001000000-0x000000007ffeffff]
[    0.000000]   Normal   empty
[    0.000000]   Device   empty
[    0.000000] Movable zone start for each node
[    0.000000] Early memory node ranges
[    0.000000]   node   0: [mem 0x0000000000001000-0x000000000009efff]
[    0.000000]   node   0: [mem 0x0000000000100000-0x000000007ffeffff]
[    0.000000] Initmem setup node 0 [mem 0x0000000000001000-0x000000007ffeffff]
[    0.000000] ACPI: PM-Timer IO Port: 0x4008
[    0.000000] IOAPIC[0]: apic_id 2, version 32, address 0xfec00000, GSI 0-23
[    0.000000] ACPI: INT_SRC_OVR (bus 0 bus_irq 0 global_irq 2 dfl dfl)
[    0.000000] ACPI: INT_SRC_OVR (bus 0 bus_irq 9 global_irq 9 low level)
[    0.000000] Using ACPI (MADT) for SMP configuration information
[    0.000000] smpboot: Allowing 2 CPUs, 0 hotplug CPUs
[    0.000000] PM: Registered nosave memory: [mem 0x00000000-0x00000fff]
[    0.000000] PM: Registered nosave memory: [mem 0x0009f000-0x0009ffff]
[    0.000000] PM: Registered nosave memory: [mem 0x000a0000-0x000effff]
[    0.000000] PM: Registered nosave memory: [mem 0x000f0000-0x000fffff]
[    0.000000] e820: [mem 0x80000000-0xfebfffff] available for PCI devices
[    0.000000] Booting paravirtualized kernel on KVM
[    0.000000] clocksource: refined-jiffies: mask: 0xffffffff max_cycles: 0xffffffff, max_idle_ns: 7645519600211568 ns
[    0.000000] setup_percpu: NR_CPUS:512 nr_cpumask_bits:512 nr_cpu_ids:2 nr_node_ids:1
[    0.000000] PERCPU: Embedded 33 pages/cpu @ffff88007fc00000 s95192 r8192 d31784 u1048576
[    0.000000] Built 1 zonelists in Node order, mobility grouping on.  Total pages: 515960
[    0.000000] Policy zone: DMA32
[    0.000000] Kernel command line: BOOT_IMAGE=/boot/vmlinuz-4.4.0-210-generic root=LABEL=cloudimg-rootfs ro console=tty1 console=ttyS0
[    0.000000] PID hash table entries: 4096 (order: 3, 32768 bytes)
[    0.000000] Memory: 2029984K/2096696K available (8644K kernel code, 1332K rwdata, 4044K rodata, 1492K init, 1164K bss, 66712K reserved, 0K cma-reserved)
[    0.000000] SLUB: HWalign=64, Order=0-3, MinObjects=0, CPUs=2, Nodes=1
[    0.000000] Hierarchical RCU implementation.
[    0.000000] 	Build-time adjustment of leaf fanout to 64.
[    0.000000] 	RCU restricting CPUs from NR_CPUS=512 to nr_cpu_ids=2.
[    0.000000] RCU: Adjusting geometry for rcu_fanout_leaf=64, nr_cpu_ids=2
[    0.000000] NR_IRQS:33024 nr_irqs:440 16
[    0.000000] Console: colour VGA+ 80x25
[    0.000000] console [tty1] enabled
[    0.000000] console [ttyS0] enabled
[    0.000000] tsc: Detected 1992.006 MHz processor
[    0.576087] Calibrating delay loop (skipped) preset value.. 3984.01 BogoMIPS (lpj=7968024)
[    0.581312] pid_max: default: 32768 minimum: 301
[    0.584161] ACPI: Core revision 20150930
[    0.587989] ACPI: 2 ACPI AML tables successfully acquired and loaded
[    0.595070] Security Framework initialized
[    0.597811] Yama: becoming mindful.
[    0.600177] AppArmor: AppArmor initialized
[    0.603264] Dentry cache hash table entries: 262144 (order: 9, 2097152 bytes)
[    0.615784] Inode-cache hash table entries: 131072 (order: 8, 1048576 bytes)
[    0.630195] Mount-cache hash table entries: 4096 (order: 3, 32768 bytes)
[    0.635418] Mountpoint-cache hash table entries: 4096 (order: 3, 32768 bytes)
[    0.642754] Initializing cgroup subsys io
[    0.645640] Initializing cgroup subsys memory
[    0.648926] Initializing cgroup subsys devices
[    0.651803] Initializing cgroup subsys freezer
[    0.656069] Initializing cgroup subsys net_cls
[    0.658830] Initializing cgroup subsys perf_event
[    0.662274] Initializing cgroup subsys net_prio
[    0.665277] Initializing cgroup subsys hugetlb
[    0.668056] Initializing cgroup subsys pids
[    0.671216] mce: CPU supports 0 MCE banks
[    0.675118] Last level iTLB entries: 4KB 64, 2MB 8, 4MB 8
[    0.680253] Last level dTLB entries: 4KB 64, 2MB 0, 4MB 0, 1GB 4
[    0.683972] Spectre V1 : Mitigation: usercopy/swapgs barriers and __user pointer sanitization
[    0.689072] Spectre V2 : Mitigation: Enhanced IBRS
[    0.691990] Spectre V2 : Spectre v2 / SpectreRSB mitigation: Filling RSB on context switch
[    0.697567] Speculative Store Bypass: Vulnerable
[    0.725012] Freeing SMP alternatives memory: 36K
[    0.783095] ftrace: allocating 32380 entries in 127 pages
[    1.157516] smpboot: APIC(0) Converting physical 0 to logical package 0
[    1.162340] smpboot: Max logical packages: 1
[    1.174330] ..TIMER: vector=0x30 apic1=0 pin1=2 apic2=-1 pin2=-1
[    1.287019] smpboot: CPU0: Intel(R) Core(TM) i7-8565U CPU @ 1.80GHz (family: 0x6, model: 0x8e, stepping: 0xc)
[    1.293873] Performance Events: unsupported p6 CPU model 142 no PMU driver, software events only.
[    1.356199] KVM setup paravirtual spinlock
[    1.360957] x86: Booting SMP configuration:
[    1.363918] .... node  #0, CPUs:      #1
[    1.367100] kvm-clock: cpu 1, msr 0:7ffe3041, secondary cpu clock
[    1.371640] mce: CPU supports 0 MCE banks
[    1.375032] TSC synchronization [CPU#0 -> CPU#1]:
[    1.378041] Measured 77262 cycles TSC warp between CPUs, turning off TSC clock.
[    1.382488] tsc: Marking TSC unstable due to check_tsc_sync_source failed
[    0.408538] x86: Booted up 1 node, 2 CPUs
[    0.411180] smpboot: Total of 2 processors activated (7968.02 BogoMIPS)
[    0.418441] devtmpfs: initialized
[    0.421667] evm: security.selinux
[    0.424003] evm: security.SMACK64
[    0.426040] evm: security.SMACK64EXEC
[    0.428011] evm: security.SMACK64TRANSMUTE
[    0.430543] evm: security.SMACK64MMAP
[    0.432001] evm: security.ima
[    0.433962] evm: security.capability
[    0.436212] clocksource: jiffies: mask: 0xffffffff max_cycles: 0xffffffff, max_idle_ns: 7645041785100000 ns
[    0.440008] futex hash table entries: 512 (order: 3, 32768 bytes)
[    0.444239] pinctrl core: initialized pinctrl subsystem
[    0.448257] RTC time:  9:33:59, date: 10/06/21
[    0.452367] NET: Registered protocol family 16
[    0.468005] cpuidle: using governor ladder
[    0.480005] cpuidle: using governor menu
[    0.483189] PCCT header not found.
[    0.484044] ACPI: bus type PCI registered
[    0.486952] acpiphp: ACPI Hot Plug PCI Controller Driver version: 0.5
[    0.488343] PCI: Using configuration type 1 for base access
[    0.508571] ACPI: Added _OSI(Module Device)
[    0.512005] ACPI: Added _OSI(Processor Device)
[    0.516005] ACPI: Added _OSI(3.0 _SCP Extensions)
[    0.520006] ACPI: Added _OSI(Processor Aggregator Device)
[    0.525072] ACPI: Executed 1 blocks of module-level executable AML code
[    0.532819] ACPI: Interpreter enabled
[    0.535765] ACPI: (supports S0 S5)
[    0.536003] ACPI: Using IOAPIC for interrupt routing
[    0.540252] PCI: Using host bridge windows from ACPI; if necessary, use "pci=nocrs" and report a bug
[    0.551718] ACPI: PCI Root Bridge [PCI0] (domain 0000 [bus 00-ff])
[    0.552005] acpi PNP0A03:00: _OSC: OS supports [ASPM ClockPM Segments MSI]
[    0.556490] acpi PNP0A03:00: _OSC: not requesting OS control; OS requires [ExtendedConfig ASPM ClockPM MSI]
[    0.560006] acpi PNP0A03:00: fail to add MMCONFIG information, can't access extended PCI configuration space under this bridge.
[    0.564534] PCI host bridge to bus 0000:00
[    0.568003] pci_bus 0000:00: root bus resource [io  0x0000-0x0cf7 window]
[    0.572002] pci_bus 0000:00: root bus resource [io  0x0d00-0xffff window]
[    0.576002] pci_bus 0000:00: root bus resource [mem 0x000a0000-0x000bffff window]
[    0.580002] pci_bus 0000:00: root bus resource [mem 0x80000000-0xfdffffff window]
[    0.584002] pci_bus 0000:00: root bus resource [bus 00-ff]
[    0.594026] pci 0000:00:01.1: legacy IDE quirk: reg 0x10: [io  0x01f0-0x01f7]
[    0.596016] pci 0000:00:01.1: legacy IDE quirk: reg 0x14: [io  0x03f6]
[    0.600002] pci 0000:00:01.1: legacy IDE quirk: reg 0x18: [io  0x0170-0x0177]
[    0.604002] pci 0000:00:01.1: legacy IDE quirk: reg 0x1c: [io  0x0376]
[    0.673323] pci 0000:00:07.0: quirk: [io  0x4000-0x403f] claimed by PIIX4 ACPI
[    0.688026] pci 0000:00:07.0: quirk: [io  0x4100-0x410f] claimed by PIIX4 SMB
[    0.712796] ACPI: PCI Interrupt Link [LNKA] (IRQs 5 9 10 *11)
[    0.728337] ACPI: PCI Interrupt Link [LNKB] (IRQs 5 9 *10 11)
[    0.764133] ACPI: PCI Interrupt Link [LNKC] (IRQs 5 *9 10 11)
[    0.776753] ACPI: PCI Interrupt Link [LNKD] (IRQs 5 9 10 *11)
[    0.788227] ACPI: Enabled 2 GPEs in block 00 to 07
[    0.796174] vgaarb: setting as boot device: PCI:0000:00:02.0
[    0.799850] vgaarb: device added: PCI:0000:00:02.0,decodes=io+mem,owns=io+mem,locks=none
[    0.812003] vgaarb: loaded
[    0.816001] vgaarb: bridge control possible 0000:00:02.0
[    0.824412] SCSI subsystem initialized
[    0.828112] ACPI: bus type USB registered
[    0.836014] usbcore: registered new interface driver usbfs
[    0.840023] usbcore: registered new interface driver hub
[    0.848007] usbcore: registered new device driver usb
[    0.856155] PCI: Using ACPI for IRQ routing
[    0.859612] NetLabel: Initializing
[    0.860002] NetLabel:  domain hash size = 128
[    0.864001] NetLabel:  protocols = UNLABELED CIPSOv4
[    0.868009] NetLabel:  unlabeled traffic allowed by default
[    0.871581] amd_nb: Cannot enumerate AMD northbridges
[    0.872215] clocksource: Switched to clocksource kvm-clock
[    0.901807] AppArmor: AppArmor Filesystem Enabled
[    0.905599] pnp: PnP ACPI init
[    0.908856] pnp: PnP ACPI: found 3 devices
[    0.918760] clocksource: acpi_pm: mask: 0xffffff max_cycles: 0xffffff, max_idle_ns: 2085701024 ns
[    0.925037] NET: Registered protocol family 2
[    0.929043] TCP established hash table entries: 16384 (order: 5, 131072 bytes)
[    0.934530] TCP bind hash table entries: 16384 (order: 6, 262144 bytes)
[    0.938493] TCP: Hash tables configured (established 16384 bind 16384)
[    0.938493] UDP hash table entries: 1024 (order: 3, 32768 bytes)
[    0.938493] UDP-Lite hash table entries: 1024 (order: 3, 32768 bytes)
[    0.938493] NET: Registered protocol family 1
[    0.938493] pci 0000:00:00.0: Limiting direct PCI/PCI transfers
[    0.938493] pci 0000:00:01.0: Activating ISA DMA hang workarounds
[    0.938493] Unpacking initramfs...
[    1.288607] Freeing initrd memory: 14888K
[    1.293049] clocksource: tsc: mask: 0xffffffffffffffff max_cycles: 0x396d5dac02a, max_idle_ns: 881590811122 ns
[    1.300634] platform rtc_cmos: registered platform RTC device (no PNP device found)
[    1.307390] Scanning for low memory corruption every 60 seconds
[    1.312766] audit: initializing netlink subsys (disabled)
[    1.317282] audit: type=2000 audit(1633512845.501:1): initialized
[    1.321888] Initialise system trusted keyring
[    1.325740] HugeTLB registered 2 MB page size, pre-allocated 0 pages
[    1.332810] zbud: loaded
[    1.336699] VFS: Disk quotas dquot_6.6.0
[    1.339999] VFS: Dquot-cache hash table entries: 512 (order 0, 4096 bytes)
[    1.344671] squashfs: version 4.0 (2009/01/31) Phillip Lougher
[    1.349198] fuse init (API version 7.23)
[    1.352624] Key type big_key registered
[    1.355212] Allocating IMA MOK and blacklist keyrings.
[    1.364464] Key type asymmetric registered
[    1.367595] Asymmetric key parser 'x509' registered
[    1.370816] Block layer SCSI generic (bsg) driver version 0.4 loaded (major 249)
[    1.375769] io scheduler noop registered
[    1.378764] io scheduler deadline registered (default)
[    1.382227] io scheduler cfq registered
[    1.385015] pci_hotplug: PCI Hot Plug PCI Core version: 0.5
[    1.388645] pciehp: PCI Express Hot Plug Controller Driver version: 0.4
[    1.392776] ACPI: AC Adapter [AC] (on-line)
[    1.395717] input: Power Button as /devices/LNXSYSTM:00/LNXPWRBN:00/input/input0
[    1.400427] ACPI: Power Button [PWRF]
[    1.403134] input: Sleep Button as /devices/LNXSYSTM:00/LNXSLPBN:00/input/input1
[    1.408433] ACPI: Sleep Button [SLPF]
[    1.411693] GHES: HEST is not enabled!
[    1.412724] ACPI: Battery Slot [BAT0] (battery present)
[    1.417952] Serial: 8250/16550 driver, 32 ports, IRQ sharing enabled
[    1.447880] 00:02: ttyS0 at I/O 0x3f8 (irq = 4, base_baud = 115200) is a 16550A
[    1.455079] Linux agpgart interface v0.103
[    1.462951] loop: module loaded
[    1.467304] scsi host0: ata_piix
[    1.470313] scsi host1: ata_piix
[    1.473278] ata1: PATA max UDMA/33 cmd 0x1f0 ctl 0x3f6 bmdma 0xd000 irq 14
[    1.477388] ata2: PATA max UDMA/33 cmd 0x170 ctl 0x376 bmdma 0xd008 irq 15
[    1.481853] libphy: Fixed MDIO Bus: probed
[    1.484910] tun: Universal TUN/TAP device driver, 1.6
[    1.487950] tun: (C) 1999-2004 Max Krasnyansky <maxk@qualcomm.com>
[    1.491841] PPP generic driver version 2.4.2
[    1.494870] ehci_hcd: USB 2.0 'Enhanced' Host Controller (EHCI) Driver
[    1.498986] ehci-pci: EHCI PCI platform driver
[    1.502196] ehci-platform: EHCI generic platform driver
[    1.505488] ohci_hcd: USB 1.1 'Open' Host Controller (OHCI) Driver
[    1.509302] ohci-pci: OHCI PCI platform driver
[    1.512371] ohci-platform: OHCI generic platform driver
[    1.515619] uhci_hcd: USB Universal Host Controller Interface driver
[    1.519574] i8042: PNP: PS/2 Controller [PNP0303:PS2K,PNP0f03:PS2M] at 0x60,0x64 irq 1,12
[    1.527042] serio: i8042 KBD port at 0x60,0x64 irq 1
[    1.530779] serio: i8042 AUX port at 0x60,0x64 irq 12
[    1.534353] mousedev: PS/2 mouse device common for all mice
[    1.539030] input: AT Translated Set 2 keyboard as /devices/platform/i8042/serio0/input/input2
[    1.545946] rtc_cmos rtc_cmos: rtc core: registered rtc_cmos as rtc0
[    1.550952] rtc_cmos rtc_cmos: alarms up to one day, 114 bytes nvram
[    1.555104] i2c /dev entries driver
[    1.557732] device-mapper: uevent: version 1.0.3
[    1.560843] device-mapper: ioctl: 4.34.0-ioctl (2015-10-28) initialised: dm-devel@redhat.com
[    1.568565] ledtrig-cpu: registered to indicate activity on CPUs
[    1.574221] NET: Registered protocol family 10
[    1.578126] NET: Registered protocol family 17
[    1.581552] Key type dns_resolver registered
[    1.586080] registered taskstats version 1
[    1.590000] Loading compiled-in X.509 certificates
[    1.594871] Loaded X.509 cert 'Build time autogenerated kernel key: cf00e047681d67edb2720680708b7d9498083038'
[    1.602324] zswap: loaded using pool lzo/zbud
[    1.609644] Key type trusted registered
[    1.620695] Key type encrypted registered
[    1.624310] AppArmor: AppArmor sha1 policy hashing enabled
[    1.627739] ima: No TPM chip found, activating TPM-bypass!
[    1.631616] ima: Allocated hash algorithm: sha1
[    1.635309] evm: HMAC attrs: 0x1
[    1.638989]   Magic number: 9:457:575
[    1.641827]  workqueue: hash matches
[    1.662310] rtc_cmos rtc_cmos: setting system clock to 2021-10-06 09:34:00 UTC (1633512840)
[    1.684608] BIOS EDD facility v0.16 2004-Jun-25, 0 devices found
[    1.688792] EDD information not available.
[    1.693486] Freeing unused kernel memory: 1492K
[    1.715040] Write protecting the kernel read-only data: 14336k
[    1.720785] Freeing unused kernel memory: 1584K
[    1.724519] Freeing unused kernel memory: 52K
Loading, please wait...
starting version 229
[    1.746267] random: systemd-udevd: uninitialized urandom read (16 bytes read, 5 bits of entropy available)
[    1.746263] random: udevadm: uninitialized urandom read (16 bytes read, 5 bits of entropy available)
[    1.746273] random: udevadm: uninitialized urandom read (16 bytes read, 5 bits of entropy available)
[    1.755270] random: udevadm: uninitialized urandom read (16 bytes read, 5 bits of entropy available)
[    1.755293] random: udevadm: uninitialized urandom read (16 bytes read, 5 bits of entropy available)
[    1.755406] random: udevadm: uninitialized urandom read (16 bytes read, 5 bits of entropy available)
[    1.755482] random: udevadm: uninitialized urandom read (16 bytes read, 5 bits of entropy available)
[    1.755548] random: udevadm: uninitialized urandom read (16 bytes read, 5 bits of entropy available)
[    1.755579] random: udevadm: uninitialized urandom read (16 bytes read, 5 bits of entropy available)
[    1.755618] random: udevadm: uninitialized urandom read (16 bytes read, 5 bits of entropy available)
[    1.840551] e1000: Intel(R) PRO/1000 Network Driver - version 7.3.21-k8-NAPI
[    1.844142] e1000: Copyright (c) 1999-2006 Intel Corporation.
[    1.864758] Fusion MPT base driver 3.04.20
[    1.868888] Copyright (c) 1999-2008 LSI Corporation
[    1.895605] Fusion MPT SPI Host driver 3.04.20
[    2.426215] input: ImExPS/2 Generic Explorer Mouse as /devices/platform/i8042/serio1/input/input4
[    2.449352] e1000 0000:00:03.0 eth0: (PCI:33MHz:32-bit) 02:a0:46:b5:71:eb
[    2.453931] e1000 0000:00:03.0 eth0: Intel(R) PRO/1000 Network Connection
[    2.948495] e1000 0000:00:08.0 eth1: (PCI:33MHz:32-bit) 08:00:27:c7:ef:00
[    2.953608] e1000 0000:00:08.0 eth1: Intel(R) PRO/1000 Network Connection
[    2.959572] e1000 0000:00:08.0 enp0s8: renamed from eth1
[    2.965935] mptbase: ioc0: Initiating bringup
[    2.976344] e1000 0000:00:03.0 enp0s3: renamed from eth0
[    3.037703] ioc0: LSI53C1030 A0: Capabilities={Initiator}
[    3.213519] scsi host2: ioc0: LSI53C1030 A0, FwRev=00000000h, Ports=1, MaxQ=256, IRQ=20
[    3.329727] scsi 2:0:0:0: Direct-Access     VBOX     HARDDISK         1.0  PQ: 0 ANSI: 5
[    3.335352] scsi target2:0:0: Beginning Domain Validation
[    3.342588] scsi target2:0:0: Domain Validation skipping write tests
[    3.346242] scsi target2:0:0: Ending Domain Validation
[    3.349650] scsi target2:0:0: asynchronous
[    3.353558] scsi 2:0:1:0: Direct-Access     VBOX     HARDDISK         1.0  PQ: 0 ANSI: 5
[    3.358476] scsi target2:0:1: Beginning Domain Validation
[    3.367605] scsi target2:0:1: Domain Validation skipping write tests
[    3.371732] scsi target2:0:1: Ending Domain Validation
[    3.375136] scsi target2:0:1: asynchronous
[    3.399885] sd 2:0:0:0: Attached scsi generic sg0 type 0
[    3.404240] sd 2:0:0:0: [sda] 83886080 512-byte logical blocks: (42.9 GB/40.0 GiB)
[    3.404606] sd 2:0:1:0: Attached scsi generic sg1 type 0
[    3.405216] sd 2:0:1:0: [sdb] 20480 512-byte logical blocks: (10.5 MB/10.0 MiB)
[    3.405755] sd 2:0:1:0: [sdb] Write Protect is off
[    3.406096] sd 2:0:1:0: [sdb] Incomplete mode parameter data
[    3.406097] sd 2:0:1:0: [sdb] Assuming drive cache: write through
[    3.440198] sd 2:0:1:0: [sdb] Attached SCSI disk
[    3.447720] sd 2:0:0:0: [sda] Write Protect is off
[    3.452055] sd 2:0:0:0: [sda] Incomplete mode parameter data
[    3.455412] sd 2:0:0:0: [sda] Assuming drive cache: write through
[    3.463776]  sda: sda1
[    3.469035] sd 2:0:0:0: [sda] Attached SCSI disk
Begin: Loading essential drivers ... [    4.960148] md: linear personality registered for level -1
[    4.968565] md: multipath personality registered for level -4
[    4.975278] md: raid0 personality registered for level 0
[    4.990758] md: raid1 personality registered for level 1
[    5.064005] raid6: sse2x1   gen() 12080 MB/s
[    5.136031] raid6: sse2x1   xor()  8152 MB/s
[    5.204237] raid6: sse2x2   gen() 17021 MB/s
[    5.272606] raid6: sse2x2   xor() 11416 MB/s
[    5.340480] raid6: sse2x4   gen() 18761 MB/s
[    5.408064] raid6: sse2x4   xor() 11798 MB/s
[    5.411108] raid6: using algorithm sse2x4 gen() 18761 MB/s
[    5.414478] raid6: .... xor() 11798 MB/s, rmw enabled
[    5.417917] raid6: using ssse3x2 recovery algorithm
[    5.422922] xor: measuring software checksum speed
[   10.146305]    prefetch64-sse: 1652319.704 MB/sec
[   10.242970]    generic_sse: 63465.000 MB/sec
[   10.246383] xor: using function: prefetch64-sse (1652319.704 MB/sec)
[   10.252548] async_tx: api initialized (async)
[   10.285122] md: raid6 personality registered for level 6
[   10.288946] md: raid5 personality registered for level 5
[   10.292060] md: raid4 personality registered for level 4
[   10.311209] md: raid10 personality registered for level 10
done.
Begin: Running /scripts/init-premount ... done.
Begin: Mounting root file system ... Begin: Running /scripts/local-top ... done.
Begin: Running /scripts/local-premount ... [   10.370923] Btrfs loaded
Scanning for Btrfs filesystems
done.
Warning: fsck not present, so skipping root file system
[   10.429530] EXT4-fs (sda1): mounted filesystem with ordered data mode. Opts: (null)
done.
Begin: Running /scripts/local-bottom ... done.
Begin: Running /scripts/init-bottom ... done.
[   10.584524] systemd[1]: systemd 229 running in system mode. (+PAM +AUDIT +SELINUX +IMA +APPARMOR +SMACK +SYSVINIT +UTMP +LIBCRYPTSETUP +GCRYPT +GNUTLS +ACL +XZ -LZ4 +SECCOMP +BLKID +ELFUTILS +KMOD -IDN)
[   10.596890] systemd[1]: Detected virtualization oracle.
[   10.600888] systemd[1]: Detected architecture x86-64.

Welcome to [1mUbuntu 16.04.7 LTS[0m!

[   10.612190] systemd[1]: Set hostname to <ubuntu>.
[   10.619483] systemd[1]: Initializing machine ID from random generator.
[   10.623660] systemd[1]: Installed transient /etc/machine-id file.
[   10.834881] systemd[1]: Listening on LVM2 metadata daemon socket.
[[0;32m  OK  [0m] Listening on LVM2 metadata daemon socket.
[   10.842008] systemd[1]: Reached target Swap.
[[0;32m  OK  [0m] Reached target Swap.
[   10.847532] systemd[1]: Listening on /dev/initctl Compatibility Named Pipe.
[[0;32m  OK  [0m] Listening on /dev/initctl Compatibility Named Pipe.
[   10.854714] systemd[1]: Listening on Device-mapper event daemon FIFOs.
[[0;32m  OK  [0m] Listening on Device-mapper event daemon FIFOs.
[   10.862233] systemd[1]: Listening on fsck to fsckd communication Socket.
[[0;32m  OK  [0m] Listening on fsck to fsckd communication Socket.
[   10.870071] systemd[1]: Created slice User and Session Slice.
[[0;32m  OK  [0m] Created slice User and Session Slice.
[   10.877083] systemd[1]: Listening on udev Control Socket.
[[0;32m  OK  [0m] Listening on udev Control Socket.
[   10.883162] systemd[1]: Listening on Journal Socket.
[[0;32m  OK  [0m] Listening on Journal Socket.
[   10.889238] systemd[1]: Set up automount Arbitrary Executable File Formats File System Automount Point.
[[0;32m  OK  [0m] Set up automount Arbitrary Executab...ats File System Automount Point.
[   10.905168] systemd[1]: Reached target System Time Synchronized.
[[0;32m  OK  [0m] Reached target System Time Synchronized.
[   10.916632] systemd[1]: Reached target Encrypted Volumes.
[[0;32m  OK  [0m] Reached target Encrypted Volumes.
[   10.928457] systemd[1]: Reached target User and Group Name Lookups.
[[0;32m  OK  [0m] Reached target User and Group Name Lookups.
[   10.935692] systemd[1]: Started Forward Password Requests to Wall Directory Watch.
[[0;32m  OK  [0m] Started Forward Password Requests to Wall Directory Watch.
[   10.943816] systemd[1]: Started Trigger resolvconf update for networkd DNS.
[[0;32m  OK  [0m] Started Trigger resolvconf update for networkd DNS.
[   10.951450] systemd[1]: Listening on Syslog Socket.
[[0;32m  OK  [0m] Listening on Syslog Socket.
[   10.957431] systemd[1]: Listening on Journal Audit Socket.
[[0;32m  OK  [0m] Listening on Journal Audit Socket.
[   10.964767] systemd[1]: Created slice System Slice.
[[0;32m  OK  [0m] Created slice System Slice.
[   10.977104] systemd[1]: Reached target Slices.
[[0;32m  OK  [0m] Reached target Slices.
[   10.996338] systemd[1]: Mounting Debug File System...
         Mounting Debug File System...
[   11.004234] systemd[1]: Mounting POSIX Message Queue File System...
         Mounting POSIX Message Queue File System...
[   11.011674] systemd[1]: Starting File System Check on Root Device...
         Starting File System Ch[   11.018309] systemd[1]: Starting Create list of required static device nodes for the current kernel...
eck on Root Device...
         Starting Create list of required st... nodes for the current kernel...
[   11.038532] systemd[1]: Starting Monitoring of LVM2 mirrors, snapshots etc. using dmeventd or progress polling...
         Starting Monitoring of LVM2 mirrors... dmeventd or progress polling...
[   11.052267] systemd[1]: Starting Set console keymap...
         Starting Set console keymap...
[   11.067249] systemd[1]: Created slice system-serial\x2dgetty.slice.
[[0;32m  OK  [0m] Created slice system-serial\x2dgetty.slice.
[   11.075345] systemd[1]: Mounting Huge Pages File System...
         Mounting Huge Pages File System...
[   11.083302] systemd[1]: Starting Uncomplicated firewall...
         Starting Uncomplicated firewall...
[   11.094406] systemd[1]: Starting Load Kernel Modules...
         Starting Load Kernel Modules...
[   11.101823] systemd[1]: Starting Nameserver information manager...
         Starting Nameserver information manager...
[   11.108436] systemd[1]: Listening on Journal Socket (/dev/log).
[[0;32m  OK  [0m] Listening on Journal Socket (/dev/log).
[   11.116728] systemd[1]: Starting Journal Service...
         Starting Journal Service...
[   11.122427] systemd[1]: Listening on udev Kernel Socket.
[[0;32m  OK  [0m] Listening on udev Kernel Socket.
[   11.129122] systemd[1]: Listening on LVM2 poll daemon socket.
[   11.130902] Loading iSCSI transport class v2.0-870.
[[0;32m  OK  [0m] Listening on LVM2 poll daemon socket.
[   11.143627] systemd[1]: Mounted POSIX Message Queue File System.
[[0;32m  OK  [0m] Mounted POSIX Message Queue File System.
[   11.150550] systemd[1]: Mounted Huge Pages File System.
[[0;32m  OK  [0m] Mounted Huge Pages File System.
[   11.158281] systemd[1]: Mounted Debug File System.
[[0;32m  OK  [0m] Mounted Debug File System.
[   11.164939] systemd[1]: Started Journal Service.
[   11.169363] iscsi: registered transport (tcp)
[[0;32m  OK  [0m] Started Journal Service.
[[0;32m  OK  [0m] Started File System Check on Root Device.
[[0;32m  OK  [0m] Started Create list of required sta...ce nodes for the current kernel.
[[0;32m  OK  [0m] Started Set console keymap.
[[0;32m  OK  [0m] Started Uncomplicated firewall.
[[0;32m  OK  [0m] Started LVM2 metadata daemon.
[[0;32m  OK  [0m] Started File System Check Daemon to report status.
         Starting Create Static Device Nodes in /dev...
         Starting Remount Root and Kernel File Systems...
[[0;32m  OK  [0m] Started Nameserver information manager.
[   11.242875] EXT4-fs (sda1): re-mounted. Opts: (null)
[[0;32m  OK  [0m] Started Remount Root and Kernel File Systems.
         Starting Flush Journal to Persistent Storage...
         Starting Load/Save Random Seed...
         Starting udev Coldplug all Devices...
[[0;32m  OK  [0m] Started Load/Save Random Seed.
[   11.300209] systemd-journald[381]: Received request to flush runtime journal from PID 1
[[0;32m  OK  [0m] Started Create Static Device Nodes in /dev.
[[0;32m  OK  [0m] Started Flush Journal to Persistent Storage.
         Starting udev Kernel Device Manager...
[   11.330097] iscsi: registered transport (iser)
[[0;32m  OK  [0m] Started Load Kernel Modules.
         Mounting FUSE Control File System...
         Starting Apply Kernel Variables...
[[0;32m  OK  [0m] Mounted FUSE Control File System.
[[0;32m  OK  [0m] Started udev Coldplug all Devices.
[[0;32m  OK  [0m] Started udev Kernel Device Manager.
[[0;32m  OK  [0m] Started Apply Kernel Variables.
[[0;32m  OK  [0m] Started Dispatch Password Requests to Console Directory Watch.
[[0;32m  OK  [0m] Found device /dev/ttyS0.
[[0;32m  OK  [0m] Listening on Load/Save RF Kill Switch Status /dev/rfkill Watch.
[[0;32m  OK  [0m] Started Monitoring of LVM2 mirrors,...ng dmeventd or progress polling.
[[0;32m  OK  [0m] Reached target Local File Systems (Pre).
[[0;32m  OK  [0m] Reached target Local File Systems.
         Starting Create Volatile Files and Directories...
         Starting Set console font and keymap...
         Starting Initial cloud-init job (pre-networking)...
         Starting Tell Plymouth To Write Out Runtime Data...
         Starting LSB: AppArmor initialization...
         Starting Commit a transient machine-id on disk...
[[0;32m  OK  [0m] Started Create Volatile Files and Directories.
         Starting Update UTMP about System Boot/Shutdown...
[[0;32m  OK  [0m] Started Update UTMP about System Boot/Shutdown.
[[0;32m  OK  [0m] Started Tell Plymouth To Write Out Runtime Data.
[[0;32m  OK  [0m] Started Commit a transient machine-id on disk.
[[0;32m  OK  [0m] Started Set console font and keymap.
[[0;32m  OK  [0m] Created slice system-getty.slice.
[   13.556621] cloud-init[604]: [[0;32m  OK  [0m] Started LSB: AppArmor initialization.
Cloud-init v. 21.1-19-gbad84ad4-0ubuntu1~16.04.2 running 'init-local' at Wed, 06 Oct 2021 09:34:12 +0000. Up 13.19 seconds.
         Starting Load AppArmor profiles managed internally by snapd...
[[0;32m  OK  [0m] Started Load AppArmor profiles managed internally by snapd.
[[0;32m  OK  [0m] Started Initial cloud-init job (pre-networking).
[[0;32m  OK  [0m] Reached target Network (Pre).
         Starting Raise network interfaces...
[[0;32m  OK  [0m] Started Raise network interfaces.
         Starting Initial cloud-init job (metadata service crawler)...
[[0;32m  OK  [0m] Reached target Network.
[   14.583421] cloud-init[941]: Cloud-init v. 21.1-19-gbad84ad4-0ubuntu1~16.04.2 running 'init' at Wed, 06 Oct 2021 09:34:12 +0000. Up 14.02 seconds.
[   14.593339] cloud-init[941]: ci-info: ++++++++++++++++++++++++++++++++++++++Net device info+++++++++++++++++++++++++++++++++++++++
[   14.597485] cloud-init[941]: ci-info: +--------+-------+----------------------------+---------------+--------+-------------------+
[   14.601273] cloud-init[941]: ci-info: | Device |   Up  |          Address           |      Mask     | Scope  |     Hw-Address    |
[   14.605169] cloud-init[941]: ci-info: +--------+-------+----------------------------+---------------+--------+-------------------+
[   14.609649] cloud-init[941]: ci-info: | enp0s3 |  True |         10.0.2.15          | 255.255.255.0 | global | 02:a0:46:b5:71:eb |
[   14.613217] cloud-init[941]: ci-info: | enp0s3 |  True | fe80::a0:46ff:feb5:71eb/64 |       .       |  link  | 02:a0:46:b5:71:eb |
[   14.617532] cloud-init[941]: ci-info: | enp0s8 | False |             .              |       .       |   .    | 08:00:27:c7:ef:00 |
[   14.621159] cloud-init[941]: ci-info: |   lo   |  True |         127.0.0.1          |   255.0.0.0   |  host  |         .         |
[   14.624815] cloud-init[941]: ci-info: |   lo   |  True |          ::1/128           |       .       |  host  |         .         |
[   14.628600] cloud-init[941]: ci-info: +--------+-------+----------------------------+---------------+--------+-------------------+
[   14.632222] cloud-init[941]: ci-info: +++++++++++++++++++++++++++Route IPv4 info++++++++++++++++++++++++++++
[   14.635553] cloud-init[941]: ci-info: +-------+-------------+----------+---------------+-----------+-------+
[   14.638926] cloud-init[941]: ci-info: | Route | Destination | Gateway  |    Genmask    | Interface | Flags |
[   14.642256] cloud-init[941]: ci-info: +-------+-------------+----------+---------------+-----------+-------+
[   14.645606] cloud-init[941]: ci-info: |   0   |   0.0.0.0   | 10.0.2.2 |    0.0.0.0    |   enp0s3  |   UG  |
[   14.648952] cloud-init[941]: ci-info: |   1   |   10.0.2.0  | 0.0.0.0  | 255.255.255.0 |   enp0s3  |   U   |
[   14.652294] cloud-init[941]: ci-info: +-------+-------------+----------+---------------+-----------+-------+
[   14.655660] cloud-init[941]: ci-info: +++++++++++++++++++Route IPv6 info+++++++++++++++++++
[   14.658728] cloud-init[941]: ci-info: +-------+-------------+---------+-----------+-------+
[   14.661921] cloud-init[941]: ci-info: | Route | Destination | Gateway | Interface | Flags |
[   14.664916] cloud-init[941]: ci-info: +-------+-------------+---------+-----------+-------+
[   14.667770] cloud-init[941]: ci-info: |   0   |  fe80::/64  |    ::   |   enp0s3  |   U   |
[   14.670785] cloud-init[941]: ci-info: |   3   |   ff00::/8  |    ::   |   enp0s3  |   U   |
[   14.673758] cloud-init[941]: ci-info: +-------+-------------+---------+-----------+-------+
[   14.676816] cloud-init[941]: Generating public/private rsa key pair.
[[0;32m  OK  [0m] Started Initial cloud-init job (metadata service crawler).
[[0;32m  OK  [0m] Reached target Cloud-config availability.
[[0;32m  OK  [0m] Reached target Network is Online.
[   14.679515] cloud-init[941]: Your identification has been saved in /etc/ssh/ssh_host_rsa_key.
[   14.686113] cloud-init[941]: Your public key has been saved in /etc/ssh/ssh_host_rsa_key.pub.
[   14.689159] cloud-init[941]: The key fingerprint is:
         Starting iSCSI initiator daemon (iscsid)...
[[0;32m  OK  [0m] Reached target System Initialization.
[[0;32m  OK  [0m] Listening on ACPID Listen Socket.
[   14.691473] cloud-init[941]: SHA256:mU4eIq7bIMO25ULQjWbXB7iW/tBZr7C4rrvdVJdLsxA root@ubuntu-xenial
[   14.700316]          Starting LXD - unix socket.
cloud-init[941]: The key's randomart image is:
[   14.706354] cloud-init[[0;32m  OK  [0m] Started ACPI Events Check.
[[0;32m  OK  [0m] Reached target Paths.
[[0;32m  OK  [0m] Listening on UUID daemon activation socket.
[[0;32m  OK  [0m] Started Ubuntu Advantage update messaging.
[[0;32m  OK  [0m] Started Daily apt download activities.
[[0;32m  OK  [0m] Started Daily apt upgrade and clean activities.
[[0;32m  OK  [0m] Listening on D-Bus System Message Bus Socket.
[[0;32m  OK  [0m] Started Daily Cleanup of Temporary Directories.
         Starting Socket activation for snappy daemon.
[[0;32m  OK  [0m] Started Message of the Day.
[[0;32m  OK  [0m] Reached target Timers.
[[0;32m  OK  [0m] Listening on LXD - unix socket.
[[0;32m  OK  [0m] Listening on Socket activation for snappy daemon.
[[0;32m  OK  [0m] Reached target Sockets.
[[0;32m  OK  [0m] Reached target Basic System.
         Starting LSB: Record successful boot for GRUB...
         Starting Login Service...
[941]: [[0;32m  OK  [0m] Started Regular background program processing daemon.
[[0;32m  OK  [0m] Started FUSE filesystem for LXC.
         Starting Accounts Service...
+---[RSA 2048]----+
         Starting Snap Daemon...
         Starting Pollinate to seed the pseudo random number generator...
         Starting System Logging Service...
         Starting Virtualbox guest utils...
         Starting LSB: MD monitoring daemon...
[[0;32m  OK  [0m] Started D-Bus System Message Bus.
[   14.772654] cloud-init[941]: |     .           |
[   14.782516] cloud-init[941]: |    . .          |
[   14.802234] cloud-init[941]: | . o + .E        |
[   14.827002] cloud-init[941]: |. = * . o+ .     |
[   14.831465] cloud-init[941]: |.o +...+S.=      |
[[0;32m  OK  [0m] Started Deferred execution scheduler.
[   14.859497] [[0;32m  OK  [0m] Started ACPI event daemon.
         Starting /etc/rc.local Compatibility...
         Starting LXD - container startup/shutdown...
cloud-init[941]: |.. .o.+* =.+     |
[[0;32m  OK  [0m] Started System Logging Service.
[[0;32m  OK  [0m] Started /etc/rc.local Compatibility.
[   14.888143] cloud-init[941]: |+o...+.oo.o      |
[   14.905497] cloud-init[941]: |.++=.oo .        |
[[0;32m  OK  [0m] Started iSCSI initiator daemon (iscsid).
[   14.928932] cloud-init[941]:          Starting Authenticate and Authorize Users to Run Privileged Tasks...
         Starting Login to default iSCSI targets...
[[0;32m  OK  [0m] Started Login Service.
[[0;32m  OK  [0m] Started Unattended Upgrades Shutdown.
| .BB=..          |
[   15.049797] cloud-init[941]: +----[SHA256]-----+
[   15.088994] cloud-init[941]: Generating public/private dsa key pair.
[   15.089398] cloud-init[941]: Your identification has been saved in /etc/ssh/ssh_host_dsa_key.
[   15.089687] cloud-init[941]: Your public key has been saved in /etc/ssh/ssh_host_dsa_key.pub.
[   15.090002] cloud-init[941]: The key fingerprint is:
[   15.090112] cloud-init[941]: SHA256:Gs8wyfmfQ4zuOfkDA7XPfO/7/FSwvmzF+gC7AQJScE4 root@ubuntu-xenial
[[0;32m  OK  [0m] Started LSB: Record successful boot for GRUB.
[[0;32m  OK  [0m] Started Login to default iSCSI targets.
[[0;32m  OK  [0m] Started LSB: MD monitoring daemon.
[[0;32m  OK  [0m] Reached target Remote File Systems (Pre).
[[0;32m  OK  [0m] Reached target Remote File Systems.
[   15.092470] cloud-init[941]: The key's randomart image is:
[   15.143743] cloud-init[941]: +---[DSA 1024]----+
         Starting Permit User Sessions...
         Starting LSB: automatic crash report generation...
         Starting LSB: daemon to balance interrupts for SMP systems...
         Starting LSB: Set the CPU Frequency Scaling governor to "ondemand"...
[   15.158067] cloud-init[941]: |    ..E          |
[   15.176966] cloud-init[941]: |     =  .        |
[[0;32m  OK  [0m] Started Permit User Sessions.
[[0;32m  OK  [0m] Started Authenticate and Authorize Users to Run Privileged Tasks.
         Starting Hold until boot process finishes up...
         Starting Terminate Plymouth Boot Screen...
[   15.179244] cloud-init[941]: |    . o. .    .  |
[   15.186826] cloud-init[941]: |     o.+.      o |
[[0;32m  OK  [0m] Started Accounts Service.
[[0;32m  OK  [0m] Started Terminate Plymouth Boot Screen.
[   15.204957] cloud-init[941]: |      B.S*. . ...|
[   15.218327] cloud-init[941]: |       O+.*..+  +|
[   15.240603] cloud-init[941]: |      ..+= .o.oo.|
[   15.240695] cloud-init[941]: |        +oo. ++= |
[   15.240747] cloud-init[941]: |       .oo+o.o=+*|
[[0;32m  OK  [0m] Started Hold until boot process finishes up.
[   15.241299] cloud-init[941]: +----[SHA256]-----+
[[0;32m  OK  [0m] Started Getty on tty1.
         Starting Set console scheme...
[[0;32m  OK  [0m] Started Serial Getty on ttyS0.
[[0;32m  OK  [0m] Reached target Login Prompts.
[   15.260609] cloud-init[941]: Generating public/private ecdsa key pair.
[   15.276312] cloud-init[941]: Your identification has been saved in /etc/ssh/ssh_host_ecdsa_key.
[   15.283734] cloud-init[941]: Your public key has been saved in /etc/ssh/ssh_host_ecdsa_key.pub.
[   15.294163] cloud-init[941]: The key fingerprint is:
[   15.308666] cloud-init[941]: SHA256:UnPTKUL/N/cRvIcqhbQE7U9YVG1ZYHCmxMVFBgy4xbw root@ubuntu-xenial
[   15.308756] cloud-init[941]: The key's randomart image is:
[   15.308804] cloud-init[941]: +---[ECDSA 256]---+
[   15.309104] cloud-init[941]: |        o. *=BO*B|
[   15.309320] cloud-init[941]: |       . ooo**+oo|
[   15.309555] cloud-init[941]: |        +.B=+. + |
[   15.310377] cloud-init[941]: |       . *+*E  .o|
[   15.310581] cloud-init[941]: |      . S ooo +oo|
[   15.310931] cloud-init[941]: |       .   ..o o+|
[[0;32m  OK  [0m] Started Set console scheme.
[   15.311407] cloud-init[941]: |          . .   .|
[   15.334347] cloud-init[941]: |           .     |
[   15.353059] cloud-init[941]: |                 |
[   15.356635] cloud-init[941]: +----[SHA256]-----+
[   15.368481] cloud-init[941]: Generating public/private ed25519 key pair.
[   15.368579] cloud-init[941]: Your identification has been saved in /etc/ssh/ssh_host_ed25519_key.
[   15.368630] cloud-init[941]: Your public key has been saved in /etc/ssh/ssh_host_ed25519_key.pub.
[   15.369663] cloud-init[941]: The key fingerprint is:
[   15.369919] cloud-init[941]: SHA256:ifk69UpJSL8IvPxYjw2QxS96PqlSROVAt3c4a06wE/8 root@ubuntu-xenial
[   15.370143] cloud-init[941]: The key's randomart image is:
[   15.370190] cloud-init[941]: +--[ED25519 256]--+
[   15.370996] cloud-init[941]: |   .o.o          |
[[0;32m  OK  [0m] Started LSB: daemon to balance interrupts for SMP systems.
[[0;32m  OK  [0m] Started LSB: automatic crash report generation.
[[0;32m  OK  [0m] Started LSB: Set the CPU Frequency Scaling governor to "ondemand".
[[0;32m  OK  [0m] Started LXD - container startup/shutdown.
[   15.371423] cloud-init[941]: |    .= . .       |
[   15.398883] cloud-init[941]: |   .  O + .      |
[   15.401648] cloud-init[941]: |   ..+ % =       |
[   15.407712] cloud-init[941]: |   .= B S        |
[   15.416203] cloud-init[941]: |   ..= X.+       |
[   15.426327] cloud-init[941]: |   .+ =o*.E      |
[   15.445999] cloud-init[941]: |  .  *+B  .      |
[   15.455688] cloud-init[941]: |   .o.=o+.       |
[   15.460621] cloud-init[941]: +----[SHA256]-----+
[[0;32m  OK  [0m] Started Virtualbox guest utils.
[[0;32m  OK  [0m] Started Snap Daemon.
         Starting Wait until snapd is fully seeded...
[[0;32m  OK  [0m] Started Pollinate to seed the pseudo random number generator.
         Starting OpenBSD Secure Shell server...
[[0;32m  OK  [0m] Started OpenBSD Secure Shell server.
[[0;32m  OK  [0m] Started Wait until snapd is fully seeded.
         Starting Apply the settings specified in cloud-config...
[[0;32m  OK  [0m] Reached target Multi-User System.
[[0;32m  OK  [0m] Reached target Graphical Interface.
         Starting Update UTMP about System Runlevel Changes...
[[0;32m  OK  [0m] Started Update UTMP about System Runlevel Changes.
[   17.122135] cloud-init[1292]: Generating locales (this might take a while)...
[[0;32m  OK  [0m] Created slice User Slice of vagrant.
         Starting User Manager for UID 1000...
[[0;32m  OK  [0m] Started Session 1 of user vagrant.
[[0;32m  OK  [0m] Started User Manager for UID 1000.
[   18.821118] cloud-init[1292]:   en_US.UTF-8... done
[   18.834500] cloud-init[1292]: Generation complete.
[   19.181280] cloud-init[1292]: Cloud-init v. 21.1-19-gbad84ad4-0ubuntu1~16.04.2 running 'modules:config' at Wed, 06 Oct 2021 09:34:15 +0000. Up 17.02 seconds.
[[0;32m  OK  [0m] Started Apply the settings specified in cloud-config.
         Starting Execute cloud user/final scripts...
ci-info: no authorized SSH keys fingerprints found for user ubuntu.
<14>Oct  6 09:34:18 ec2: 
<14>Oct  6 09:34:18 ec2: #############################################################
<14>Oct  6 09:34:18 ec2: -----BEGIN SSH HOST KEY FINGERPRINTS-----
<14>Oct  6 09:34:18 ec2: 1024 SHA256:Gs8wyfmfQ4zuOfkDA7XPfO/7/FSwvmzF+gC7AQJScE4 root@ubuntu-xenial (DSA)
<14>Oct  6 09:34:18 ec2: 256 SHA256:UnPTKUL/N/cRvIcqhbQE7U9YVG1ZYHCmxMVFBgy4xbw root@ubuntu-xenial (ECDSA)
<14>Oct  6 09:34:18 ec2: 256 SHA256:ifk69UpJSL8IvPxYjw2QxS96PqlSROVAt3c4a06wE/8 root@ubuntu-xenial (ED25519)
<14>Oct  6 09:34:18 ec2: 2048 SHA256:mU4eIq7bIMO25ULQjWbXB7iW/tBZr7C4rrvdVJdLsxA root@ubuntu-xenial (RSA)
<14>Oct  6 09:34:18 ec2: -----END SSH HOST KEY FINGERPRINTS-----
<14>Oct  6 09:34:18 ec2: #############################################################
-----BEGIN SSH HOST KEY KEYS-----
ecdsa-sha2-nistp256 AAAAE2VjZHNhLXNoYTItbmlzdHAyNTYAAAAIbmlzdHAyNTYAAABBBJseRI8nvaFynt9VkUVEM9Qa4P0V3CcmnPAyma54Ldi4zkW1zE+Q+ZvM/wsjy7Vqf7ucmTGruijx6RxYQXP1b9g= root@ubuntu-xenial
ssh-ed25519 AAAAC3NzaC1lZDI1NTE5AAAAIGZlYxUdP+7ESRwOZ6BF7EGuTLAA78pSDwCOOchsoph/ root@ubuntu-xenial
ssh-rsa AAAAB3NzaC1yc2EAAAADAQABAAABAQD3XKbkSOmp8zlktiJq/qMRWl/aQuInC8wZn2M92KN2tQwF2dX7J72B2skk0C66vHdocpYDRZfKDdKyN0lsqnSeHRKnxc/rhQH4BhzND2aVV/25+3F8GZxweJqcAuT0Kg/gqpI9MYVR6kAl9VG+bx2FRZQFrTK4ZCu2JRceW42xD917GRRzzZz6aGPKlvqwglDvz1Nlk/vCl06AuWJRPKZMAJ6vCwxV8wwxqx9Baur02yRzdq/jmS4XczeJgsyUoku2soqtVXAwO7tEqx5b5YdKn69D1NJiU4qiKX/SO3x1C68q1s77PRXS855SvyUy1rHmpqXFDGK9YH/lBaSlHPoZ root@ubuntu-xenial
-----END SSH HOST KEY KEYS-----
[   19.631437] cloud-init[1468]: Cloud-init v. 21.1-19-gbad84ad4-0ubuntu1~16.04.2 running 'modules:final' at Wed, 06 Oct 2021 09:34:18 +0000. Up 19.46 seconds.
[   19.636253] cloud-init[1468]: ci-info: no authorized SSH keys fingerprints found for user ubuntu.
[   19.639683] cloud-init[1468]: Cloud-init v. 21.1-19-gbad84ad4-0ubuntu1~16.04.2 finished at Wed, 06 Oct 2021 09:34:18 +0000. Datasource DataSourceNoCloud [seed=/dev/sdb][dsmode=net].  Up 19.62 seconds
[[0;32m  OK  [0m] Started Execute cloud user/final scripts.
[[0;32m  OK  [0m] Reached target Cloud-init target.

Ubuntu 16.04.7 LTS ubuntu-xenial ttyS0

ubuntu-xenial login: 